{"/home/travis/build/npmtest/node-npmtest-json-sql/test.js":{"path":"/home/travis/build/npmtest/node-npmtest-json-sql/test.js","s":{"1":2,"2":2,"3":2,"4":2,"5":2,"6":2,"7":2,"8":1,"9":2,"10":2,"11":1,"12":1,"13":1,"14":1,"15":2,"16":2,"17":2,"18":2,"19":1,"20":1,"21":2,"22":2,"23":2,"24":1,"25":1,"26":1,"27":1,"28":1,"29":1,"30":1,"31":1,"32":1,"33":1,"34":1,"35":1,"36":1,"37":1,"38":1,"39":2,"40":2,"41":1,"42":2,"43":2,"44":1,"45":2,"46":2,"47":1,"48":2,"49":2,"50":1,"51":1,"52":1,"53":1,"54":1},"b":{"1":[2,1,1,1],"2":[1,1,1,1],"3":[1,1],"4":[1,1],"5":[1,1],"6":[1,1],"7":[1,1],"8":[1,1],"9":[1,1],"10":[1,1,1],"11":[1,1],"12":[1,1],"13":[1,1],"14":[1,1],"15":[1,1],"16":[1,1],"17":[1,1]},"f":{"1":2,"2":2,"3":2,"4":2,"5":2,"6":1,"7":1,"8":1,"9":2,"10":2,"11":2,"12":2,"13":1},"fnMap":{"1":{"name":"(anonymous_1)","line":12,"loc":{"start":{"line":12,"column":1},"end":{"line":12,"column":13}}},"2":{"name":"(anonymous_2)","line":19,"loc":{"start":{"line":19,"column":5},"end":{"line":19,"column":17}}},"3":{"name":"(anonymous_3)","line":23,"loc":{"start":{"line":23,"column":24},"end":{"line":23,"column":36}}},"4":{"name":"(anonymous_4)","line":61,"loc":{"start":{"line":61,"column":5},"end":{"line":61,"column":17}}},"5":{"name":"(anonymous_5)","line":82,"loc":{"start":{"line":82,"column":5},"end":{"line":82,"column":17}}},"6":{"name":"(anonymous_6)","line":91,"loc":{"start":{"line":91,"column":77},"end":{"line":94,"column":10}}},"7":{"name":"(anonymous_7)","line":112,"loc":{"start":{"line":112,"column":83},"end":{"line":115,"column":10}},"skip":true},"8":{"name":"(anonymous_8)","line":123,"loc":{"start":{"line":123,"column":77},"end":{"line":126,"column":10}},"skip":true},"9":{"name":"(anonymous_9)","line":139,"loc":{"start":{"line":139,"column":12},"end":{"line":139,"column":40}},"skip":true},"10":{"name":"(anonymous_10)","line":147,"loc":{"start":{"line":147,"column":77},"end":{"line":150,"column":10}},"skip":true},"11":{"name":"(anonymous_11)","line":158,"loc":{"start":{"line":158,"column":83},"end":{"line":161,"column":10}},"skip":true},"12":{"name":"(anonymous_12)","line":169,"loc":{"start":{"line":169,"column":79},"end":{"line":172,"column":10}},"skip":true},"13":{"name":"(anonymous_13)","line":180,"loc":{"start":{"line":180,"column":75},"end":{"line":183,"column":10}},"skip":true}},"statementMap":{"1":{"start":{"line":12,"column":0},"end":{"line":195,"column":5}},"2":{"start":{"line":14,"column":4},"end":{"line":14,"column":14}},"3":{"start":{"line":19,"column":4},"end":{"line":56,"column":9}},"4":{"start":{"line":21,"column":8},"end":{"line":21,"column":19}},"5":{"start":{"line":23,"column":8},"end":{"line":35,"column":13}},"6":{"start":{"line":24,"column":12},"end":{"line":34,"column":13}},"7":{"start":{"line":25,"column":16},"end":{"line":28,"column":30}},"8":{"start":{"line":30,"column":16},"end":{"line":33,"column":27}},"9":{"start":{"line":37,"column":8},"end":{"line":39,"column":21}},"10":{"start":{"line":40,"column":8},"end":{"line":53,"column":9}},"11":{"start":{"line":43,"column":12},"end":{"line":46,"column":14}},"12":{"start":{"line":47,"column":12},"end":{"line":47,"column":18}},"13":{"start":{"line":50,"column":12},"end":{"line":51,"column":46}},"14":{"start":{"line":52,"column":12},"end":{"line":52,"column":18}},"15":{"start":{"line":55,"column":8},"end":{"line":55,"column":35}},"16":{"start":{"line":61,"column":4},"end":{"line":63,"column":9}},"17":{"start":{"line":62,"column":8},"end":{"line":62,"column":15}},"18":{"start":{"line":64,"column":4},"end":{"line":77,"column":5}},"19":{"start":{"line":70,"column":8},"end":{"line":70,"column":14}},"20":{"start":{"line":76,"column":8},"end":{"line":76,"column":14}},"21":{"start":{"line":82,"column":4},"end":{"line":84,"column":9}},"22":{"start":{"line":83,"column":8},"end":{"line":83,"column":15}},"23":{"start":{"line":85,"column":4},"end":{"line":194,"column":5}},"24":{"start":{"line":91,"column":8},"end":{"line":99,"column":10}},"25":{"start":{"line":98,"column":12},"end":{"line":98,"column":35}},"26":{"start":{"line":102,"column":8},"end":{"line":104,"column":63}},"27":{"start":{"line":105,"column":8},"end":{"line":105,"column":14}},"28":{"start":{"line":112,"column":8},"end":{"line":121,"column":10},"skip":true},"29":{"start":{"line":119,"column":12},"end":{"line":119,"column":55},"skip":true},"30":{"start":{"line":120,"column":12},"end":{"line":120,"column":48},"skip":true},"31":{"start":{"line":123,"column":8},"end":{"line":136,"column":10},"skip":true},"32":{"start":{"line":130,"column":12},"end":{"line":130,"column":76},"skip":true},"33":{"start":{"line":131,"column":12},"end":{"line":131,"column":73},"skip":true},"34":{"start":{"line":132,"column":12},"end":{"line":132,"column":74},"skip":true},"35":{"start":{"line":133,"column":12},"end":{"line":133,"column":79},"skip":true},"36":{"start":{"line":134,"column":12},"end":{"line":134,"column":25},"skip":true},"37":{"start":{"line":135,"column":12},"end":{"line":135,"column":45},"skip":true},"38":{"start":{"line":138,"column":8},"end":{"line":145,"column":14},"skip":true},"39":{"start":{"line":143,"column":16},"end":{"line":143,"column":29},"skip":true},"40":{"start":{"line":144,"column":16},"end":{"line":144,"column":55},"skip":true},"41":{"start":{"line":147,"column":8},"end":{"line":156,"column":10},"skip":true},"42":{"start":{"line":154,"column":12},"end":{"line":154,"column":25},"skip":true},"43":{"start":{"line":155,"column":12},"end":{"line":155,"column":45},"skip":true},"44":{"start":{"line":158,"column":8},"end":{"line":167,"column":10},"skip":true},"45":{"start":{"line":165,"column":12},"end":{"line":165,"column":25},"skip":true},"46":{"start":{"line":166,"column":12},"end":{"line":166,"column":48},"skip":true},"47":{"start":{"line":169,"column":8},"end":{"line":178,"column":10},"skip":true},"48":{"start":{"line":176,"column":12},"end":{"line":176,"column":25},"skip":true},"49":{"start":{"line":177,"column":12},"end":{"line":177,"column":46},"skip":true},"50":{"start":{"line":180,"column":8},"end":{"line":189,"column":10},"skip":true},"51":{"start":{"line":187,"column":12},"end":{"line":187,"column":94},"skip":true},"52":{"start":{"line":188,"column":12},"end":{"line":188,"column":48},"skip":true},"53":{"start":{"line":192,"column":8},"end":{"line":192,"column":35},"skip":true},"54":{"start":{"line":193,"column":8},"end":{"line":193,"column":14},"skip":true}},"branchMap":{"1":{"line":25,"type":"binary-expr","locations":[{"start":{"line":25,"column":23},"end":{"line":25,"column":62}},{"start":{"line":26,"column":20},"end":{"line":26,"column":70}},{"start":{"line":27,"column":20},"end":{"line":27,"column":71}},{"start":{"line":28,"column":20},"end":{"line":28,"column":29}}]},"2":{"line":30,"type":"binary-expr","locations":[{"start":{"line":30,"column":23},"end":{"line":30,"column":37}},{"start":{"line":31,"column":20},"end":{"line":31,"column":61}},{"start":{"line":32,"column":20},"end":{"line":32,"column":70}},{"start":{"line":33,"column":20},"end":{"line":33,"column":26}}]},"3":{"line":37,"type":"cond-expr","locations":[{"start":{"line":38,"column":14},"end":{"line":38,"column":20}},{"start":{"line":39,"column":14},"end":{"line":39,"column":20}}]},"4":{"line":40,"type":"switch","locations":[{"start":{"line":42,"column":8},"end":{"line":47,"column":18}},{"start":{"line":49,"column":8},"end":{"line":52,"column":18}}]},"5":{"line":44,"type":"binary-expr","locations":[{"start":{"line":44,"column":16},"end":{"line":44,"column":44}},{"start":{"line":44,"column":48},"end":{"line":44,"column":66}}]},"6":{"line":50,"type":"binary-expr","locations":[{"start":{"line":50,"column":21},"end":{"line":50,"column":49}},{"start":{"line":50,"column":53},"end":{"line":50,"column":72}}]},"7":{"line":64,"type":"switch","locations":[{"start":{"line":69,"column":4},"end":{"line":70,"column":14}},{"start":{"line":75,"column":4},"end":{"line":76,"column":14}}]},"8":{"line":85,"type":"switch","locations":[{"start":{"line":90,"column":4},"end":{"line":105,"column":14}},{"start":{"line":111,"column":4},"end":{"line":193,"column":14},"skip":true}]},"9":{"line":91,"type":"binary-expr","locations":[{"start":{"line":91,"column":42},"end":{"line":91,"column":73}},{"start":{"line":91,"column":77},"end":{"line":99,"column":9}}]},"10":{"line":102,"type":"binary-expr","locations":[{"start":{"line":102,"column":18},"end":{"line":102,"column":32}},{"start":{"line":103,"column":12},"end":{"line":103,"column":53}},{"start":{"line":104,"column":12},"end":{"line":104,"column":61}}]},"11":{"line":112,"type":"binary-expr","locations":[{"start":{"line":112,"column":45},"end":{"line":112,"column":79},"skip":true},{"start":{"line":112,"column":83},"end":{"line":121,"column":9},"skip":true}]},"12":{"line":123,"type":"binary-expr","locations":[{"start":{"line":123,"column":42},"end":{"line":123,"column":73},"skip":true},{"start":{"line":123,"column":77},"end":{"line":136,"column":9},"skip":true}]},"13":{"line":138,"type":"binary-expr","locations":[{"start":{"line":138,"column":48},"end":{"line":138,"column":85},"skip":true},{"start":{"line":139,"column":12},"end":{"line":145,"column":13},"skip":true}]},"14":{"line":147,"type":"binary-expr","locations":[{"start":{"line":147,"column":42},"end":{"line":147,"column":73},"skip":true},{"start":{"line":147,"column":77},"end":{"line":156,"column":9},"skip":true}]},"15":{"line":158,"type":"binary-expr","locations":[{"start":{"line":158,"column":45},"end":{"line":158,"column":79},"skip":true},{"start":{"line":158,"column":83},"end":{"line":167,"column":9},"skip":true}]},"16":{"line":169,"type":"binary-expr","locations":[{"start":{"line":169,"column":43},"end":{"line":169,"column":75},"skip":true},{"start":{"line":169,"column":79},"end":{"line":178,"column":9},"skip":true}]},"17":{"line":180,"type":"binary-expr","locations":[{"start":{"line":180,"column":41},"end":{"line":180,"column":71},"skip":true},{"start":{"line":180,"column":75},"end":{"line":189,"column":9},"skip":true}]}},"code":["/* istanbul instrument in package npmtest_json_sql */","/*jslint","    bitwise: true,","    browser: true,","    maxerr: 8,","    maxlen: 96,","    node: true,","    nomen: true,","    regexp: true,","    stupid: true","*/","(function () {","    'use strict';","    var local;","","","","    // run shared js-env code - pre-init","    (function () {","        // init local","        local = {};","        // init modeJs","        local.modeJs = (function () {","            try {","                return typeof navigator.userAgent === 'string' &&","                    typeof document.querySelector('body') === 'object' &&","                    typeof XMLHttpRequest.prototype.open === 'function' &&","                    'browser';","            } catch (errorCaughtBrowser) {","                return module.exports &&","                    typeof process.versions.node === 'string' &&","                    typeof require('http').createServer === 'function' &&","                    'node';","            }","        }());","        // init global","        local.global = local.modeJs === 'browser'","            ? window","            : global;","        switch (local.modeJs) {","        // re-init local from window.local","        case 'browser':","            local = local.global.utility2.objectSetDefault(","                local.global.utility2_rollup || local.global.local,","                local.global.utility2","            );","            break;","        // re-init local from example.js","        case 'node':","            local = (local.global.utility2_rollup || require('utility2'))","                .requireExampleJsFromReadme();","            break;","        }","        // export local","        local.global.local = local;","    }());","","","","    // run shared js-env code - function","    (function () {","        return;","    }());","    switch (local.modeJs) {","","","","    // run browser js-env code - function","    case 'browser':","        break;","","","","    // run node js-env code - function","    case 'node':","        break;","    }","","","","    // run shared js-env code - post-init","    (function () {","        return;","    }());","    switch (local.modeJs) {","","","","    // run browser js-env code - post-init","    case 'browser':","        local.testCase_browser_nullCase = local.testCase_browser_nullCase || function (","            options,","            onError","        ) {","        /*","         * this function will test browsers's null-case handling-behavior-behavior","         */","            onError(null, options);","        };","","        // run tests","        local.nop(local.modeTest &&","            document.querySelector('#testRunButton1') &&","            document.querySelector('#testRunButton1').click());","        break;","","","","    // run node js-env code - post-init","    /* istanbul ignore next */","    case 'node':","        local.testCase_buildApidoc_default = local.testCase_buildApidoc_default || function (","            options,","            onError","        ) {","        /*","         * this function will test buildApidoc's default handling-behavior-behavior","         */","            options = { modulePathList: module.paths };","            local.buildApidoc(options, onError);","        };","","        local.testCase_buildApp_default = local.testCase_buildApp_default || function (","            options,","            onError","        ) {","        /*","         * this function will test buildApp's default handling-behavior-behavior","         */","            local.testCase_buildReadme_default(options, local.onErrorThrow);","            local.testCase_buildLib_default(options, local.onErrorThrow);","            local.testCase_buildTest_default(options, local.onErrorThrow);","            local.testCase_buildCustomOrg_default(options, local.onErrorThrow);","            options = [];","            local.buildApp(options, onError);","        };","","        local.testCase_buildCustomOrg_default = local.testCase_buildCustomOrg_default ||","            function (options, onError) {","            /*","             * this function will test buildCustomOrg's default handling-behavior","             */","                options = {};","                local.buildCustomOrg(options, onError);","            };","","        local.testCase_buildLib_default = local.testCase_buildLib_default || function (","            options,","            onError","        ) {","        /*","         * this function will test buildLib's default handling-behavior","         */","            options = {};","            local.buildLib(options, onError);","        };","","        local.testCase_buildReadme_default = local.testCase_buildReadme_default || function (","            options,","            onError","        ) {","        /*","         * this function will test buildReadme's default handling-behavior-behavior","         */","            options = {};","            local.buildReadme(options, onError);","        };","","        local.testCase_buildTest_default = local.testCase_buildTest_default || function (","            options,","            onError","        ) {","        /*","         * this function will test buildTest's default handling-behavior","         */","            options = {};","            local.buildTest(options, onError);","        };","","        local.testCase_webpage_default = local.testCase_webpage_default || function (","            options,","            onError","        ) {","        /*","         * this function will test webpage's default handling-behavior","         */","            options = { modeCoverageMerge: true, url: local.serverLocalHost + '?modeTest=1' };","            local.browserTest(options, onError);","        };","","        // run test-server","        local.testRunServer(local);","        break;","    }","}());",""],"l":{"12":2,"14":2,"19":2,"21":2,"23":2,"24":2,"25":2,"30":1,"37":2,"40":2,"43":1,"47":1,"50":1,"52":1,"55":2,"61":2,"62":2,"64":2,"70":1,"76":1,"82":2,"83":2,"85":2,"91":1,"98":1,"102":1,"105":1,"112":1,"119":1,"120":1,"123":1,"130":1,"131":1,"132":1,"133":1,"134":1,"135":1,"138":1,"143":2,"144":2,"147":1,"154":2,"155":2,"158":1,"165":2,"166":2,"169":1,"176":2,"177":2,"180":1,"187":1,"188":1,"192":1,"193":1}},"/home/travis/build/npmtest/node-npmtest-json-sql/lib.npmtest_json_sql.js":{"path":"/home/travis/build/npmtest/node-npmtest-json-sql/lib.npmtest_json_sql.js","s":{"1":2,"2":2,"3":2,"4":2,"5":2,"6":2,"7":2,"8":1,"9":2,"10":2,"11":2,"12":2,"13":1,"14":1,"15":1,"16":1},"b":{"1":[2,1,1,1],"2":[1,1,1,1],"3":[1,1],"4":[2,2],"5":[1,1]},"f":{"1":2,"2":2,"3":2},"fnMap":{"1":{"name":"(anonymous_1)","line":12,"loc":{"start":{"line":12,"column":1},"end":{"line":12,"column":13}}},"2":{"name":"(anonymous_2)","line":19,"loc":{"start":{"line":19,"column":5},"end":{"line":19,"column":17}}},"3":{"name":"(anonymous_3)","line":23,"loc":{"start":{"line":23,"column":24},"end":{"line":23,"column":36}}}},"statementMap":{"1":{"start":{"line":12,"column":0},"end":{"line":53,"column":5}},"2":{"start":{"line":14,"column":4},"end":{"line":14,"column":14}},"3":{"start":{"line":19,"column":4},"end":{"line":52,"column":9}},"4":{"start":{"line":21,"column":8},"end":{"line":21,"column":19}},"5":{"start":{"line":23,"column":8},"end":{"line":35,"column":13}},"6":{"start":{"line":24,"column":12},"end":{"line":34,"column":13}},"7":{"start":{"line":25,"column":16},"end":{"line":28,"column":30}},"8":{"start":{"line":30,"column":16},"end":{"line":33,"column":27}},"9":{"start":{"line":37,"column":8},"end":{"line":39,"column":21}},"10":{"start":{"line":41,"column":8},"end":{"line":41,"column":54}},"11":{"start":{"line":43,"column":8},"end":{"line":43,"column":53}},"12":{"start":{"line":45,"column":8},"end":{"line":51,"column":9}},"13":{"start":{"line":46,"column":12},"end":{"line":46,"column":59}},"14":{"start":{"line":48,"column":12},"end":{"line":48,"column":35}},"15":{"start":{"line":49,"column":12},"end":{"line":49,"column":49}},"16":{"start":{"line":50,"column":12},"end":{"line":50,"column":43}}},"branchMap":{"1":{"line":25,"type":"binary-expr","locations":[{"start":{"line":25,"column":23},"end":{"line":25,"column":62}},{"start":{"line":26,"column":20},"end":{"line":26,"column":70}},{"start":{"line":27,"column":20},"end":{"line":27,"column":71}},{"start":{"line":28,"column":20},"end":{"line":28,"column":29}}]},"2":{"line":30,"type":"binary-expr","locations":[{"start":{"line":30,"column":23},"end":{"line":30,"column":37}},{"start":{"line":31,"column":20},"end":{"line":31,"column":61}},{"start":{"line":32,"column":20},"end":{"line":32,"column":70}},{"start":{"line":33,"column":20},"end":{"line":33,"column":26}}]},"3":{"line":37,"type":"cond-expr","locations":[{"start":{"line":38,"column":14},"end":{"line":38,"column":20}},{"start":{"line":39,"column":14},"end":{"line":39,"column":20}}]},"4":{"line":41,"type":"binary-expr","locations":[{"start":{"line":41,"column":16},"end":{"line":41,"column":44}},{"start":{"line":41,"column":48},"end":{"line":41,"column":53}}]},"5":{"line":45,"type":"if","locations":[{"start":{"line":45,"column":8},"end":{"line":45,"column":8}},{"start":{"line":45,"column":8},"end":{"line":45,"column":8}}]}},"code":["/* istanbul instrument in package npmtest_json_sql */","/*jslint","    bitwise: true,","    browser: true,","    maxerr: 8,","    maxlen: 96,","    node: true,","    nomen: true,","    regexp: true,","    stupid: true","*/","(function () {","    'use strict';","    var local;","","","","    // run shared js-env code - pre-init","    (function () {","        // init local","        local = {};","        // init modeJs","        local.modeJs = (function () {","            try {","                return typeof navigator.userAgent === 'string' &&","                    typeof document.querySelector('body') === 'object' &&","                    typeof XMLHttpRequest.prototype.open === 'function' &&","                    'browser';","            } catch (errorCaughtBrowser) {","                return module.exports &&","                    typeof process.versions.node === 'string' &&","                    typeof require('http').createServer === 'function' &&","                    'node';","            }","        }());","        // init global","        local.global = local.modeJs === 'browser'","            ? window","            : global;","        // init utility2_rollup","        local = local.global.utility2_rollup || local;","        // init lib","        local.local = local.npmtest_json_sql = local;","        // init exports","        if (local.modeJs === 'browser') {","            local.global.utility2_npmtest_json_sql = local;","        } else {","            module.exports = local;","            module.exports.__dirname = __dirname;","            module.exports.module = module;","        }","    }());","}());",""],"l":{"12":2,"14":2,"19":2,"21":2,"23":2,"24":2,"25":2,"30":1,"37":2,"41":2,"43":2,"45":2,"46":1,"48":1,"49":1,"50":1}},"/home/travis/build/npmtest/node-npmtest-json-sql/example.js":{"path":"/home/travis/build/npmtest/node-npmtest-json-sql/example.js","s":{"1":2,"2":2,"3":2,"4":2,"5":2,"6":2,"7":2,"8":1,"9":2,"10":2,"11":2,"12":2,"13":1,"14":2,"15":2,"16":2,"17":2,"18":2,"19":0,"20":2,"21":1,"22":1,"23":1,"24":1,"25":1,"26":0,"27":0,"28":1,"29":1,"30":2,"31":0,"32":0,"33":0,"34":1,"35":2,"36":2,"37":3,"38":3,"39":3,"40":3,"41":0,"42":3,"43":3,"44":3,"45":1,"46":3,"47":1,"48":1,"49":1,"50":1,"51":1,"52":1,"53":1,"54":1,"55":1,"56":1,"57":0,"58":1,"59":6,"60":6,"61":1,"62":2,"63":0,"64":2,"65":1,"66":1,"67":0,"68":0,"69":0,"70":0,"71":0,"72":0,"73":0,"74":0,"75":0,"76":0,"77":0,"78":0,"79":0,"80":0,"81":0,"82":0,"83":0},"b":{"1":[2,1,1,1],"2":[1,1,1,1],"3":[1,1],"4":[2,2],"5":[1,1],"6":[1,1],"7":[2,0],"8":[2,1,1,1,1,1],"9":[0,2,0],"10":[1,1],"11":[2,1,1],"12":[1,0],"13":[0,2],"14":[2,0,0,0,0,0,0],"15":[0,3],"16":[3,0],"17":[1,1],"18":[0,1],"19":[1,2,0,2],"20":[1,0],"21":[1,1],"22":[0,0],"23":[0,0],"24":[0,0],"25":[0,0],"26":[0,0],"27":[0,0],"28":[0,0]},"f":{"1":2,"2":2,"3":2,"4":2,"5":2,"6":2,"7":3,"8":3,"9":3,"10":1,"11":6,"12":0},"fnMap":{"1":{"name":"(anonymous_1)","line":26,"loc":{"start":{"line":26,"column":1},"end":{"line":26,"column":13}}},"2":{"name":"(anonymous_2)","line":33,"loc":{"start":{"line":33,"column":5},"end":{"line":33,"column":17}}},"3":{"name":"(anonymous_3)","line":37,"loc":{"start":{"line":37,"column":24},"end":{"line":37,"column":36}}},"4":{"name":"(anonymous_4)","line":69,"loc":{"start":{"line":69,"column":31},"end":{"line":69,"column":48}},"skip":true},"5":{"name":"(anonymous_5)","line":78,"loc":{"start":{"line":78,"column":26},"end":{"line":78,"column":45}},"skip":true},"6":{"name":"(anonymous_6)","line":123,"loc":{"start":{"line":123,"column":33},"end":{"line":123,"column":48}},"skip":true},"7":{"name":"(anonymous_7)","line":125,"loc":{"start":{"line":125,"column":27},"end":{"line":125,"column":39}},"skip":true},"8":{"name":"(anonymous_8)","line":133,"loc":{"start":{"line":133,"column":59},"end":{"line":133,"column":74}},"skip":true},"9":{"name":"(anonymous_9)","line":143,"loc":{"start":{"line":143,"column":45},"end":{"line":143,"column":62}},"skip":true},"10":{"name":"(anonymous_10)","line":144,"loc":{"start":{"line":144,"column":73},"end":{"line":144,"column":92}},"skip":true},"11":{"name":"(anonymous_11)","line":272,"loc":{"start":{"line":272,"column":51},"end":{"line":272,"column":77}},"skip":true},"12":{"name":"(anonymous_12)","line":314,"loc":{"start":{"line":314,"column":32},"end":{"line":314,"column":61}},"skip":true}},"statementMap":{"1":{"start":{"line":26,"column":0},"end":{"line":325,"column":5}},"2":{"start":{"line":28,"column":4},"end":{"line":28,"column":14}},"3":{"start":{"line":33,"column":4},"end":{"line":60,"column":9}},"4":{"start":{"line":35,"column":8},"end":{"line":35,"column":19}},"5":{"start":{"line":37,"column":8},"end":{"line":49,"column":13}},"6":{"start":{"line":38,"column":12},"end":{"line":48,"column":13}},"7":{"start":{"line":39,"column":16},"end":{"line":42,"column":30}},"8":{"start":{"line":44,"column":16},"end":{"line":47,"column":27}},"9":{"start":{"line":51,"column":8},"end":{"line":53,"column":21}},"10":{"start":{"line":55,"column":8},"end":{"line":57,"column":45}},"11":{"start":{"line":59,"column":8},"end":{"line":59,"column":35}},"12":{"start":{"line":61,"column":4},"end":{"line":324,"column":5}},"13":{"start":{"line":69,"column":8},"end":{"line":121,"column":10},"skip":true},"14":{"start":{"line":70,"column":12},"end":{"line":88,"column":13},"skip":true},"15":{"start":{"line":76,"column":16},"end":{"line":87,"column":19},"skip":true},"16":{"start":{"line":79,"column":20},"end":{"line":86,"column":21},"skip":true},"17":{"start":{"line":82,"column":24},"end":{"line":82,"column":43},"skip":true},"18":{"start":{"line":83,"column":24},"end":{"line":83,"column":30},"skip":true},"19":{"start":{"line":85,"column":24},"end":{"line":85,"column":49},"skip":true},"20":{"start":{"line":89,"column":12},"end":{"line":107,"column":13},"skip":true},"21":{"start":{"line":92,"column":16},"end":{"line":102,"column":17},"skip":true},"22":{"start":{"line":93,"column":20},"end":{"line":93,"column":86},"skip":true},"23":{"start":{"line":94,"column":20},"end":{"line":95,"column":45},"skip":true},"24":{"start":{"line":96,"column":20},"end":{"line":96,"column":42},"skip":true},"25":{"start":{"line":97,"column":20},"end":{"line":97,"column":48},"skip":true},"26":{"start":{"line":100,"column":20},"end":{"line":100,"column":85},"skip":true},"27":{"start":{"line":101,"column":20},"end":{"line":101,"column":96},"skip":true},"28":{"start":{"line":103,"column":16},"end":{"line":103,"column":22},"skip":true},"29":{"start":{"line":106,"column":16},"end":{"line":106,"column":22},"skip":true},"30":{"start":{"line":108,"column":12},"end":{"line":120,"column":13},"skip":true},"31":{"start":{"line":114,"column":16},"end":{"line":119,"column":17},"skip":true},"32":{"start":{"line":116,"column":20},"end":{"line":116,"column":78},"skip":true},"33":{"start":{"line":118,"column":20},"end":{"line":118,"column":47},"skip":true},"34":{"start":{"line":123,"column":8},"end":{"line":141,"column":11},"skip":true},"35":{"start":{"line":124,"column":12},"end":{"line":124,"column":54},"skip":true},"36":{"start":{"line":125,"column":12},"end":{"line":140,"column":14},"skip":true},"37":{"start":{"line":126,"column":16},"end":{"line":126,"column":28},"skip":true},"38":{"start":{"line":127,"column":16},"end":{"line":127,"column":69},"skip":true},"39":{"start":{"line":128,"column":16},"end":{"line":128,"column":75},"skip":true},"40":{"start":{"line":129,"column":16},"end":{"line":131,"column":17},"skip":true},"41":{"start":{"line":130,"column":20},"end":{"line":130,"column":27},"skip":true},"42":{"start":{"line":133,"column":16},"end":{"line":137,"column":36},"skip":true},"43":{"start":{"line":134,"column":20},"end":{"line":136,"column":55},"skip":true},"44":{"start":{"line":139,"column":16},"end":{"line":139,"column":57},"skip":true},"45":{"start":{"line":143,"column":8},"end":{"line":147,"column":11},"skip":true},"46":{"start":{"line":144,"column":12},"end":{"line":146,"column":15},"skip":true},"47":{"start":{"line":145,"column":16},"end":{"line":145,"column":70},"skip":true},"48":{"start":{"line":149,"column":8},"end":{"line":149,"column":31},"skip":true},"49":{"start":{"line":150,"column":8},"end":{"line":150,"column":14},"skip":true},"50":{"start":{"line":158,"column":8},"end":{"line":158,"column":31},"skip":true},"51":{"start":{"line":160,"column":8},"end":{"line":160,"column":33},"skip":true},"52":{"start":{"line":161,"column":8},"end":{"line":161,"column":37},"skip":true},"53":{"start":{"line":162,"column":8},"end":{"line":162,"column":35},"skip":true},"54":{"start":{"line":164,"column":8},"end":{"line":164,"column":50},"skip":true},"55":{"start":{"line":166,"column":8},"end":{"line":256,"column":2},"skip":true},"56":{"start":{"line":258,"column":8},"end":{"line":286,"column":9},"skip":true},"57":{"start":{"line":259,"column":12},"end":{"line":269,"column":14},"skip":true},"58":{"start":{"line":271,"column":12},"end":{"line":285,"column":19},"skip":true},"59":{"start":{"line":274,"column":20},"end":{"line":274,"column":35},"skip":true},"60":{"start":{"line":275,"column":20},"end":{"line":284,"column":21},"skip":true},"61":{"start":{"line":277,"column":24},"end":{"line":277,"column":64},"skip":true},"62":{"start":{"line":279,"column":24},"end":{"line":279,"column":40},"skip":true},"63":{"start":{"line":281,"column":24},"end":{"line":281,"column":40},"skip":true},"64":{"start":{"line":283,"column":24},"end":{"line":283,"column":39},"skip":true},"65":{"start":{"line":288,"column":8},"end":{"line":290,"column":9},"skip":true},"66":{"start":{"line":289,"column":12},"end":{"line":289,"column":18},"skip":true},"67":{"start":{"line":291,"column":8},"end":{"line":293,"column":54},"skip":true},"68":{"start":{"line":294,"column":8},"end":{"line":301,"column":37},"skip":true},"69":{"start":{"line":302,"column":8},"end":{"line":302,"column":82},"skip":true},"70":{"start":{"line":305,"column":8},"end":{"line":307,"column":9},"skip":true},"71":{"start":{"line":306,"column":12},"end":{"line":306,"column":82},"skip":true},"72":{"start":{"line":309,"column":8},"end":{"line":311,"column":9},"skip":true},"73":{"start":{"line":310,"column":12},"end":{"line":310,"column":18},"skip":true},"74":{"start":{"line":312,"column":8},"end":{"line":312,"column":54},"skip":true},"75":{"start":{"line":313,"column":8},"end":{"line":313,"column":69},"skip":true},"76":{"start":{"line":314,"column":8},"end":{"line":322,"column":36},"skip":true},"77":{"start":{"line":315,"column":12},"end":{"line":315,"column":61},"skip":true},"78":{"start":{"line":316,"column":12},"end":{"line":319,"column":13},"skip":true},"79":{"start":{"line":317,"column":16},"end":{"line":317,"column":75},"skip":true},"80":{"start":{"line":318,"column":16},"end":{"line":318,"column":23},"skip":true},"81":{"start":{"line":320,"column":12},"end":{"line":320,"column":38},"skip":true},"82":{"start":{"line":321,"column":12},"end":{"line":321,"column":27},"skip":true},"83":{"start":{"line":323,"column":8},"end":{"line":323,"column":14},"skip":true}},"branchMap":{"1":{"line":39,"type":"binary-expr","locations":[{"start":{"line":39,"column":23},"end":{"line":39,"column":62}},{"start":{"line":40,"column":20},"end":{"line":40,"column":70}},{"start":{"line":41,"column":20},"end":{"line":41,"column":71}},{"start":{"line":42,"column":20},"end":{"line":42,"column":29}}]},"2":{"line":44,"type":"binary-expr","locations":[{"start":{"line":44,"column":23},"end":{"line":44,"column":37}},{"start":{"line":45,"column":20},"end":{"line":45,"column":61}},{"start":{"line":46,"column":20},"end":{"line":46,"column":70}},{"start":{"line":47,"column":20},"end":{"line":47,"column":26}}]},"3":{"line":51,"type":"cond-expr","locations":[{"start":{"line":52,"column":14},"end":{"line":52,"column":20}},{"start":{"line":53,"column":14},"end":{"line":53,"column":20}}]},"4":{"line":55,"type":"binary-expr","locations":[{"start":{"line":55,"column":16},"end":{"line":55,"column":44}},{"start":{"line":55,"column":49},"end":{"line":57,"column":43}}]},"5":{"line":55,"type":"cond-expr","locations":[{"start":{"line":56,"column":14},"end":{"line":56,"column":52}},{"start":{"line":57,"column":14},"end":{"line":57,"column":43}}]},"6":{"line":61,"type":"switch","locations":[{"start":{"line":68,"column":4},"end":{"line":150,"column":14},"skip":true},{"start":{"line":156,"column":4},"end":{"line":323,"column":14},"skip":true}]},"7":{"line":70,"type":"if","locations":[{"start":{"line":70,"column":12},"end":{"line":70,"column":12},"skip":true},{"start":{"line":70,"column":12},"end":{"line":70,"column":12},"skip":true}]},"8":{"line":70,"type":"binary-expr","locations":[{"start":{"line":70,"column":16},"end":{"line":70,"column":22},"skip":true},{"start":{"line":70,"column":27},"end":{"line":70,"column":32},"skip":true},{"start":{"line":71,"column":20},"end":{"line":71,"column":39},"skip":true},{"start":{"line":72,"column":20},"end":{"line":72,"column":49},"skip":true},{"start":{"line":73,"column":20},"end":{"line":73,"column":58},"skip":true},{"start":{"line":74,"column":20},"end":{"line":74,"column":69},"skip":true}]},"9":{"line":79,"type":"switch","locations":[{"start":{"line":80,"column":20},"end":{"line":80,"column":33},"skip":true},{"start":{"line":81,"column":20},"end":{"line":83,"column":30},"skip":true},{"start":{"line":84,"column":20},"end":{"line":85,"column":49},"skip":true}]},"10":{"line":89,"type":"switch","locations":[{"start":{"line":90,"column":12},"end":{"line":103,"column":22},"skip":true},{"start":{"line":105,"column":12},"end":{"line":106,"column":22},"skip":true}]},"11":{"line":89,"type":"binary-expr","locations":[{"start":{"line":89,"column":20},"end":{"line":89,"column":25},"skip":true},{"start":{"line":89,"column":29},"end":{"line":89,"column":48},"skip":true},{"start":{"line":89,"column":52},"end":{"line":89,"column":74},"skip":true}]},"12":{"line":92,"type":"if","locations":[{"start":{"line":92,"column":16},"end":{"line":92,"column":16},"skip":true},{"start":{"line":92,"column":16},"end":{"line":92,"column":16},"skip":true}]},"13":{"line":108,"type":"if","locations":[{"start":{"line":108,"column":12},"end":{"line":108,"column":12},"skip":true},{"start":{"line":108,"column":12},"end":{"line":108,"column":12},"skip":true}]},"14":{"line":108,"type":"binary-expr","locations":[{"start":{"line":108,"column":16},"end":{"line":108,"column":61},"skip":true},{"start":{"line":108,"column":66},"end":{"line":108,"column":72},"skip":true},{"start":{"line":108,"column":77},"end":{"line":108,"column":82},"skip":true},{"start":{"line":109,"column":20},"end":{"line":109,"column":39},"skip":true},{"start":{"line":110,"column":20},"end":{"line":110,"column":49},"skip":true},{"start":{"line":111,"column":20},"end":{"line":111,"column":58},"skip":true},{"start":{"line":112,"column":20},"end":{"line":112,"column":68},"skip":true}]},"15":{"line":129,"type":"if","locations":[{"start":{"line":129,"column":16},"end":{"line":129,"column":16},"skip":true},{"start":{"line":129,"column":16},"end":{"line":129,"column":16},"skip":true}]},"16":{"line":134,"type":"cond-expr","locations":[{"start":{"line":135,"column":26},"end":{"line":135,"column":29},"skip":true},{"start":{"line":136,"column":26},"end":{"line":136,"column":54},"skip":true}]},"17":{"line":164,"type":"binary-expr","locations":[{"start":{"line":164,"column":27},"end":{"line":164,"column":43},"skip":true},{"start":{"line":164,"column":47},"end":{"line":164,"column":49},"skip":true}]},"18":{"line":258,"type":"if","locations":[{"start":{"line":258,"column":8},"end":{"line":258,"column":8},"skip":true},{"start":{"line":258,"column":8},"end":{"line":258,"column":8},"skip":true}]},"19":{"line":275,"type":"switch","locations":[{"start":{"line":276,"column":20},"end":{"line":277,"column":64},"skip":true},{"start":{"line":278,"column":20},"end":{"line":279,"column":40},"skip":true},{"start":{"line":280,"column":20},"end":{"line":281,"column":40},"skip":true},{"start":{"line":282,"column":20},"end":{"line":283,"column":39},"skip":true}]},"20":{"line":288,"type":"if","locations":[{"start":{"line":288,"column":8},"end":{"line":288,"column":8},"skip":true},{"start":{"line":288,"column":8},"end":{"line":288,"column":8},"skip":true}]},"21":{"line":288,"type":"binary-expr","locations":[{"start":{"line":288,"column":12},"end":{"line":288,"column":40},"skip":true},{"start":{"line":288,"column":44},"end":{"line":288,"column":67},"skip":true}]},"22":{"line":292,"type":"binary-expr","locations":[{"start":{"line":292,"column":12},"end":{"line":292,"column":50},"skip":true},{"start":{"line":293,"column":12},"end":{"line":293,"column":53},"skip":true}]},"23":{"line":295,"type":"binary-expr","locations":[{"start":{"line":295,"column":12},"end":{"line":295,"column":66},"skip":true},{"start":{"line":296,"column":12},"end":{"line":301,"column":36},"skip":true}]},"24":{"line":302,"type":"binary-expr","locations":[{"start":{"line":302,"column":43},"end":{"line":302,"column":75},"skip":true},{"start":{"line":302,"column":79},"end":{"line":302,"column":81},"skip":true}]},"25":{"line":305,"type":"if","locations":[{"start":{"line":305,"column":8},"end":{"line":305,"column":8},"skip":true},{"start":{"line":305,"column":8},"end":{"line":305,"column":8},"skip":true}]},"26":{"line":309,"type":"if","locations":[{"start":{"line":309,"column":8},"end":{"line":309,"column":8},"skip":true},{"start":{"line":309,"column":8},"end":{"line":309,"column":8},"skip":true}]},"27":{"line":312,"type":"binary-expr","locations":[{"start":{"line":312,"column":27},"end":{"line":312,"column":43},"skip":true},{"start":{"line":312,"column":47},"end":{"line":312,"column":53},"skip":true}]},"28":{"line":316,"type":"if","locations":[{"start":{"line":316,"column":12},"end":{"line":316,"column":12},"skip":true},{"start":{"line":316,"column":12},"end":{"line":316,"column":12},"skip":true}]}},"code":["/*","example.js","","quickstart example","","instruction","    1. save this script as example.js","    2. run the shell command:","        $ npm install npmtest-json-sql && PORT=8081 node example.js","    3. play with the browser-demo on http://127.0.0.1:8081","*/","","","","/* istanbul instrument in package npmtest_json_sql */","/*jslint","    bitwise: true,","    browser: true,","    maxerr: 8,","    maxlen: 96,","    node: true,","    nomen: true,","    regexp: true,","    stupid: true","*/","(function () {","    'use strict';","    var local;","","","","    // run shared js-env code - pre-init","    (function () {","        // init local","        local = {};","        // init modeJs","        local.modeJs = (function () {","            try {","                return typeof navigator.userAgent === 'string' &&","                    typeof document.querySelector('body') === 'object' &&","                    typeof XMLHttpRequest.prototype.open === 'function' &&","                    'browser';","            } catch (errorCaughtBrowser) {","                return module.exports &&","                    typeof process.versions.node === 'string' &&","                    typeof require('http').createServer === 'function' &&","                    'node';","            }","        }());","        // init global","        local.global = local.modeJs === 'browser'","            ? window","            : global;","        // init utility2_rollup","        local = local.global.utility2_rollup || (local.modeJs === 'browser'","            ? local.global.utility2_npmtest_json_sql","            : global.utility2_moduleExports);","        // export local","        local.global.local = local;","    }());","    switch (local.modeJs) {","","","","    // post-init","    // run browser js-env code - post-init","    /* istanbul ignore next */","    case 'browser':","        local.testRunBrowser = function (event) {","            if (!event || (event &&","                    event.currentTarget &&","                    event.currentTarget.className &&","                    event.currentTarget.className.includes &&","                    event.currentTarget.className.includes('onreset'))) {","                // reset output","                Array.from(","                    document.querySelectorAll('body > .resettable')","                ).forEach(function (element) {","                    switch (element.tagName) {","                    case 'INPUT':","                    case 'TEXTAREA':","                        element.value = '';","                        break;","                    default:","                        element.textContent = '';","                    }","                });","            }","            switch (event && event.currentTarget && event.currentTarget.id) {","            case 'testRunButton1':","                // show tests","                if (document.querySelector('#testReportDiv1').style.display === 'none') {","                    document.querySelector('#testReportDiv1').style.display = 'block';","                    document.querySelector('#testRunButton1').textContent =","                        'hide internal test';","                    local.modeTest = true;","                    local.testRunDefault(local);","                // hide tests","                } else {","                    document.querySelector('#testReportDiv1').style.display = 'none';","                    document.querySelector('#testRunButton1').textContent = 'run internal test';","                }","                break;","            // custom-case","            default:","                break;","            }","            if (document.querySelector('#inputTextareaEval1') && (!event || (event &&","                    event.currentTarget &&","                    event.currentTarget.className &&","                    event.currentTarget.className.includes &&","                    event.currentTarget.className.includes('oneval')))) {","                // try to eval input-code","                try {","                    /*jslint evil: true*/","                    eval(document.querySelector('#inputTextareaEval1').value);","                } catch (errorCaught) {","                    console.error(errorCaught);","                }","            }","        };","        // log stderr and stdout to #outputTextareaStdout1","        ['error', 'log'].forEach(function (key) {","            console[key + '_original'] = console[key];","            console[key] = function () {","                var element;","                console[key + '_original'].apply(console, arguments);","                element = document.querySelector('#outputTextareaStdout1');","                if (!element) {","                    return;","                }","                // append text to #outputTextareaStdout1","                element.value += Array.from(arguments).map(function (arg) {","                    return typeof arg === 'string'","                        ? arg","                        : JSON.stringify(arg, null, 4);","                }).join(' ') + '\\n';","                // scroll textarea to bottom","                element.scrollTop = element.scrollHeight;","            };","        });","        // init event-handling","        ['change', 'click', 'keyup'].forEach(function (event) {","            Array.from(document.querySelectorAll('.on' + event)).forEach(function (element) {","                element.addEventListener(event, local.testRunBrowser);","            });","        });","        // run tests","        local.testRunBrowser();","        break;","","","","    // run node js-env code - post-init","    /* istanbul ignore next */","    case 'node':","        // export local","        module.exports = local;","        // require modules","        local.fs = require('fs');","        local.http = require('http');","        local.url = require('url');","        // init assets","        local.assetsDict = local.assetsDict || {};","        /* jslint-ignore-begin */","        local.assetsDict['/assets.index.template.html'] = '\\","<!doctype html>\\n\\","<html lang=\"en\">\\n\\","<head>\\n\\","<meta charset=\"UTF-8\">\\n\\","<meta name=\"viewport\" content=\"width=device-width, initial-scale=1\">\\n\\","<title>{{env.npm_package_name}} (v{{env.npm_package_version}})</title>\\n\\","<style>\\n\\","/*csslint\\n\\","    box-sizing: false,\\n\\","    universal-selector: false\\n\\","*/\\n\\","* {\\n\\","    box-sizing: border-box;\\n\\","}\\n\\","body {\\n\\","    background: #dde;\\n\\","    font-family: Arial, Helvetica, sans-serif;\\n\\","    margin: 2rem;\\n\\","}\\n\\","body > * {\\n\\","    margin-bottom: 1rem;\\n\\","}\\n\\",".utility2FooterDiv {\\n\\","    margin-top: 20px;\\n\\","    text-align: center;\\n\\","}\\n\\","</style>\\n\\","<style>\\n\\","/*csslint\\n\\","*/\\n\\","textarea {\\n\\","    font-family: monospace;\\n\\","    height: 10rem;\\n\\","    width: 100%;\\n\\","}\\n\\","textarea[readonly] {\\n\\","    background: #ddd;\\n\\","}\\n\\","</style>\\n\\","</head>\\n\\","<body>\\n\\","<!-- utility2-comment\\n\\","<div id=\"ajaxProgressDiv1\" style=\"background: #d00; height: 2px; left: 0; margin: 0; padding: 0; position: fixed; top: 0; transition: background 0.5s, width 1.5s; width: 25%;\"></div>\\n\\","utility2-comment -->\\n\\","<h1>\\n\\","<!-- utility2-comment\\n\\","    <a\\n\\","        {{#if env.npm_package_homepage}}\\n\\","        href=\"{{env.npm_package_homepage}}\"\\n\\","        {{/if env.npm_package_homepage}}\\n\\","        target=\"_blank\"\\n\\","    >\\n\\","utility2-comment -->\\n\\","        {{env.npm_package_name}} (v{{env.npm_package_version}})\\n\\","<!-- utility2-comment\\n\\","    </a>\\n\\","utility2-comment -->\\n\\","</h1>\\n\\","<h3>{{env.npm_package_description}}</h3>\\n\\","<!-- utility2-comment\\n\\","<h4><a download href=\"assets.app.js\">download standalone app</a></h4>\\n\\","<button class=\"onclick onreset\" id=\"testRunButton1\">run internal test</button><br>\\n\\","<div id=\"testReportDiv1\" style=\"display: none;\"></div>\\n\\","utility2-comment -->\\n\\","\\n\\","\\n\\","\\n\\","<label>stderr and stdout</label>\\n\\","<textarea class=\"resettable\" id=\"outputTextareaStdout1\" readonly></textarea>\\n\\","<!-- utility2-comment\\n\\","{{#if isRollup}}\\n\\","<script src=\"assets.app.js\"></script>\\n\\","{{#unless isRollup}}\\n\\","utility2-comment -->\\n\\","<script src=\"assets.utility2.rollup.js\"></script>\\n\\","<script src=\"jsonp.utility2._stateInit?callback=window.utility2._stateInit\"></script>\\n\\","<script src=\"assets.npmtest_json_sql.rollup.js\"></script>\\n\\","<script src=\"assets.example.js\"></script>\\n\\","<script src=\"assets.test.js\"></script>\\n\\","<!-- utility2-comment\\n\\","{{/if isRollup}}\\n\\","utility2-comment -->\\n\\","<div class=\"utility2FooterDiv\">\\n\\","    [ this app was created with\\n\\","    <a href=\"https://github.com/kaizhu256/node-utility2\" target=\"_blank\">utility2</a>\\n\\","    ]\\n\\","</div>\\n\\","</body>\\n\\","</html>\\n\\","';","        /* jslint-ignore-end */","        if (local.templateRender) {","            local.assetsDict['/'] = local.templateRender(","                local.assetsDict['/assets.index.template.html'],","                {","                    env: local.objectSetDefault(local.env, {","                        npm_package_description: 'the greatest app in the world!',","                        npm_package_name: 'my-app',","                        npm_package_nameAlias: 'my_app',","                        npm_package_version: '0.0.1'","                    })","                }","            );","        } else {","            local.assetsDict['/'] = local.assetsDict['/assets.index.template.html']","                .replace((/\\{\\{env\\.(\\w+?)\\}\\}/g), function (match0, match1) {","                    // jslint-hack","                    String(match0);","                    switch (match1) {","                    case 'npm_package_description':","                        return 'the greatest app in the world!';","                    case 'npm_package_name':","                        return 'my-app';","                    case 'npm_package_nameAlias':","                        return 'my_app';","                    case 'npm_package_version':","                        return '0.0.1';","                    }","                });","        }","        // run the cli","        if (local.global.utility2_rollup || module !== require.main) {","            break;","        }","        local.assetsDict['/assets.example.js'] =","            local.assetsDict['/assets.example.js'] ||","            local.fs.readFileSync(__filename, 'utf8');","        local.assetsDict['/assets.npmtest_json_sql.rollup.js'] =","            local.assetsDict['/assets.npmtest_json_sql.rollup.js'] ||","            local.fs.readFileSync(","                // buildCustomOrg-hack","                local.npmtest_json_sql.__dirname +","                    '/lib.npmtest_json_sql.js',","                'utf8'","            ).replace((/^#!/), '//');","        local.assetsDict['/favicon.ico'] = local.assetsDict['/favicon.ico'] || '';","        // if $npm_config_timeout_exit exists,","        // then exit this process after $npm_config_timeout_exit ms","        if (Number(process.env.npm_config_timeout_exit)) {","            setTimeout(process.exit, Number(process.env.npm_config_timeout_exit));","        }","        // start server","        if (local.global.utility2_serverHttp1) {","            break;","        }","        process.env.PORT = process.env.PORT || '8081';","        console.error('server starting on port ' + process.env.PORT);","        local.http.createServer(function (request, response) {","            request.urlParsed = local.url.parse(request.url);","            if (local.assetsDict[request.urlParsed.pathname] !== undefined) {","                response.end(local.assetsDict[request.urlParsed.pathname]);","                return;","            }","            response.statusCode = 404;","            response.end();","        }).listen(process.env.PORT);","        break;","    }","}());",""],"l":{"26":2,"28":2,"33":2,"35":2,"37":2,"38":2,"39":2,"44":1,"51":2,"55":2,"59":2,"61":2,"69":1,"70":2,"76":2,"79":2,"82":2,"83":2,"85":1,"89":2,"92":1,"93":1,"94":1,"96":1,"97":1,"100":1,"101":1,"103":1,"106":1,"108":2,"114":1,"116":1,"118":1,"123":1,"124":2,"125":2,"126":3,"127":3,"128":3,"129":3,"130":1,"133":3,"134":3,"139":3,"143":1,"144":3,"145":1,"149":1,"150":1,"158":1,"160":1,"161":1,"162":1,"164":1,"166":1,"258":1,"259":1,"271":1,"274":6,"275":6,"277":1,"279":2,"281":1,"283":2,"288":1,"289":1,"291":1,"294":1,"302":1,"305":1,"306":1,"309":1,"310":1,"312":1,"313":1,"314":1,"315":1,"316":1,"317":1,"318":1,"320":1,"321":1,"323":1}},"/home/travis/build/npmtest/node-npmtest-json-sql/node_modules/json-sql/lib/index.js":{"path":"/home/travis/build/npmtest/node-npmtest-json-sql/node_modules/json-sql/lib/index.js","s":{"1":1,"2":1,"3":0,"4":1},"b":{},"f":{"1":0},"fnMap":{"1":{"name":"(anonymous_1)","line":5,"loc":{"start":{"line":5,"column":17},"end":{"line":5,"column":35}}}},"statementMap":{"1":{"start":{"line":3,"column":0},"end":{"line":3,"column":35}},"2":{"start":{"line":5,"column":0},"end":{"line":7,"column":2}},"3":{"start":{"line":6,"column":1},"end":{"line":6,"column":29}},"4":{"start":{"line":8,"column":0},"end":{"line":8,"column":33}}},"branchMap":{},"code":["'use strict';","","var Builder = require('./builder');","","module.exports = function(options) {","\treturn new Builder(options);","};","module.exports.Builder = Builder;",""],"l":{"3":1,"5":1,"6":0,"8":1}},"/home/travis/build/npmtest/node-npmtest-json-sql/node_modules/json-sql/lib/builder.js":{"path":"/home/travis/build/npmtest/node-npmtest-json-sql/node_modules/json-sql/lib/builder.js","s":{"1":1,"2":1,"3":1,"4":0,"5":1,"6":0,"7":0,"8":0,"9":0,"10":0,"11":0,"12":1,"13":0,"14":0,"15":0,"16":0,"17":0,"18":0,"19":1,"20":0,"21":1,"22":0,"23":0,"24":0,"25":0,"26":0,"27":0,"28":0,"29":0,"30":0,"31":0,"32":0,"33":0,"34":0,"35":0,"36":0,"37":1,"38":0,"39":0,"40":0,"41":0,"42":0,"43":0,"44":1,"45":0,"46":0,"47":0,"48":0,"49":0,"50":0,"51":0,"52":0,"53":0,"54":0,"55":0,"56":0,"57":1,"58":0,"59":0,"60":0},"b":{"1":[0,0],"2":[0,0],"3":[0,0],"4":[0,0],"5":[0,0],"6":[0,0],"7":[0,0],"8":[0,0],"9":[0,0],"10":[0,0],"11":[0,0],"12":[0,0],"13":[0,0],"14":[0,0],"15":[0,0],"16":[0,0],"17":[0,0],"18":[0,0],"19":[0,0]},"f":{"1":0,"2":0,"3":0,"4":0,"5":0,"6":0,"7":0,"8":0,"9":0,"10":0,"11":0,"12":0},"fnMap":{"1":{"name":"(anonymous_1)","line":13,"loc":{"start":{"line":13,"column":31},"end":{"line":13,"column":49}}},"2":{"name":"(anonymous_2)","line":17,"loc":{"start":{"line":17,"column":27},"end":{"line":17,"column":38}}},"3":{"name":"(anonymous_3)","line":29,"loc":{"start":{"line":29,"column":36},"end":{"line":29,"column":48}}},"4":{"name":"(anonymous_4)","line":36,"loc":{"start":{"line":36,"column":37},"end":{"line":36,"column":52}}},"5":{"name":"(anonymous_5)","line":40,"loc":{"start":{"line":40,"column":31},"end":{"line":40,"column":47}}},"6":{"name":"(anonymous_6)","line":66,"loc":{"start":{"line":66,"column":30},"end":{"line":66,"column":48}}},"7":{"name":"(anonymous_7)","line":90,"loc":{"start":{"line":90,"column":26},"end":{"line":90,"column":43}}},"8":{"name":"(anonymous_8)","line":101,"loc":{"start":{"line":101,"column":17},"end":{"line":101,"column":28}}},"9":{"name":"(anonymous_9)","line":103,"loc":{"start":{"line":103,"column":35},"end":{"line":103,"column":57}}},"10":{"name":"(anonymous_10)","line":108,"loc":{"start":{"line":108,"column":19},"end":{"line":108,"column":30}}},"11":{"name":"(anonymous_11)","line":111,"loc":{"start":{"line":111,"column":20},"end":{"line":111,"column":31}}},"12":{"name":"(anonymous_12)","line":121,"loc":{"start":{"line":121,"column":31},"end":{"line":121,"column":46}}}},"statementMap":{"1":{"start":{"line":3,"column":0},"end":{"line":3,"column":30}},"2":{"start":{"line":5,"column":0},"end":{"line":11,"column":2}},"3":{"start":{"line":13,"column":0},"end":{"line":15,"column":2}},"4":{"start":{"line":14,"column":1},"end":{"line":14,"column":25}},"5":{"start":{"line":17,"column":0},"end":{"line":27,"column":2}},"6":{"start":{"line":18,"column":1},"end":{"line":24,"column":2}},"7":{"start":{"line":19,"column":2},"end":{"line":19,"column":26}},"8":{"start":{"line":20,"column":2},"end":{"line":20,"column":52}},"9":{"start":{"line":22,"column":2},"end":{"line":22,"column":29}},"10":{"start":{"line":23,"column":2},"end":{"line":23,"column":22}},"11":{"start":{"line":26,"column":1},"end":{"line":26,"column":18}},"12":{"start":{"line":29,"column":0},"end":{"line":34,"column":2}},"13":{"start":{"line":30,"column":1},"end":{"line":30,"column":22}},"14":{"start":{"line":31,"column":1},"end":{"line":31,"column":50}},"15":{"start":{"line":31,"column":31},"end":{"line":31,"column":50}},"16":{"start":{"line":32,"column":1},"end":{"line":32,"column":70}},"17":{"start":{"line":32,"column":33},"end":{"line":32,"column":70}},"18":{"start":{"line":33,"column":1},"end":{"line":33,"column":20}},"19":{"start":{"line":36,"column":0},"end":{"line":38,"column":2}},"20":{"start":{"line":37,"column":1},"end":{"line":37,"column":41}},"21":{"start":{"line":40,"column":0},"end":{"line":64,"column":2}},"22":{"start":{"line":41,"column":1},"end":{"line":63,"column":2}},"23":{"start":{"line":42,"column":2},"end":{"line":42,"column":16}},"24":{"start":{"line":43,"column":8},"end":{"line":63,"column":2}},"25":{"start":{"line":44,"column":2},"end":{"line":44,"column":23}},"26":{"start":{"line":45,"column":8},"end":{"line":63,"column":2}},"27":{"start":{"line":46,"column":2},"end":{"line":60,"column":3}},"28":{"start":{"line":47,"column":3},"end":{"line":47,"column":44}},"29":{"start":{"line":49,"column":3},"end":{"line":53,"column":4}},"30":{"start":{"line":50,"column":4},"end":{"line":50,"column":38}},"31":{"start":{"line":52,"column":4},"end":{"line":52,"column":29}},"32":{"start":{"line":55,"column":3},"end":{"line":55,"column":45}},"33":{"start":{"line":57,"column":3},"end":{"line":57,"column":52}},"34":{"start":{"line":57,"column":24},"end":{"line":57,"column":52}},"35":{"start":{"line":59,"column":3},"end":{"line":59,"column":30}},"36":{"start":{"line":62,"column":2},"end":{"line":62,"column":63}},"37":{"start":{"line":66,"column":0},"end":{"line":88,"column":2}},"38":{"start":{"line":67,"column":1},"end":{"line":74,"column":4}},"39":{"start":{"line":76,"column":1},"end":{"line":81,"column":2}},"40":{"start":{"line":77,"column":2},"end":{"line":80,"column":4}},"41":{"start":{"line":83,"column":1},"end":{"line":83,"column":24}},"42":{"start":{"line":85,"column":1},"end":{"line":85,"column":39}},"43":{"start":{"line":87,"column":1},"end":{"line":87,"column":15}},"44":{"start":{"line":90,"column":0},"end":{"line":119,"column":2}},"45":{"start":{"line":91,"column":1},"end":{"line":91,"column":20}},"46":{"start":{"line":93,"column":1},"end":{"line":93,"column":15}},"47":{"start":{"line":95,"column":1},"end":{"line":95,"column":78}},"48":{"start":{"line":97,"column":1},"end":{"line":118,"column":2}},"49":{"start":{"line":98,"column":2},"end":{"line":115,"column":4}},"50":{"start":{"line":102,"column":4},"end":{"line":102,"column":20}},"51":{"start":{"line":103,"column":4},"end":{"line":105,"column":7}},"52":{"start":{"line":104,"column":5},"end":{"line":104,"column":52}},"53":{"start":{"line":106,"column":4},"end":{"line":106,"column":18}},"54":{"start":{"line":109,"column":4},"end":{"line":109,"column":74}},"55":{"start":{"line":112,"column":4},"end":{"line":113,"column":17}},"56":{"start":{"line":117,"column":2},"end":{"line":117,"column":30}},"57":{"start":{"line":121,"column":0},"end":{"line":127,"column":2}},"58":{"start":{"line":122,"column":1},"end":{"line":124,"column":2}},"59":{"start":{"line":123,"column":2},"end":{"line":123,"column":52}},"60":{"start":{"line":126,"column":1},"end":{"line":126,"column":47}}},"branchMap":{"1":{"line":18,"type":"if","locations":[{"start":{"line":18,"column":1},"end":{"line":18,"column":1}},{"start":{"line":18,"column":1},"end":{"line":18,"column":1}}]},"2":{"line":20,"type":"cond-expr","locations":[{"start":{"line":20,"column":44},"end":{"line":20,"column":46}},{"start":{"line":20,"column":49},"end":{"line":20,"column":51}}]},"3":{"line":31,"type":"if","locations":[{"start":{"line":31,"column":1},"end":{"line":31,"column":1}},{"start":{"line":31,"column":1},"end":{"line":31,"column":1}}]},"4":{"line":32,"type":"if","locations":[{"start":{"line":32,"column":1},"end":{"line":32,"column":1}},{"start":{"line":32,"column":1},"end":{"line":32,"column":1}}]},"5":{"line":41,"type":"if","locations":[{"start":{"line":41,"column":1},"end":{"line":41,"column":1}},{"start":{"line":41,"column":1},"end":{"line":41,"column":1}}]},"6":{"line":41,"type":"binary-expr","locations":[{"start":{"line":41,"column":5},"end":{"line":41,"column":25}},{"start":{"line":41,"column":29},"end":{"line":41,"column":44}}]},"7":{"line":43,"type":"if","locations":[{"start":{"line":43,"column":8},"end":{"line":43,"column":8}},{"start":{"line":43,"column":8},"end":{"line":43,"column":8}}]},"8":{"line":43,"type":"binary-expr","locations":[{"start":{"line":43,"column":12},"end":{"line":43,"column":29}},{"start":{"line":43,"column":33},"end":{"line":43,"column":51}}]},"9":{"line":45,"type":"if","locations":[{"start":{"line":45,"column":8},"end":{"line":45,"column":8}},{"start":{"line":45,"column":8},"end":{"line":45,"column":8}}]},"10":{"line":45,"type":"binary-expr","locations":[{"start":{"line":45,"column":12},"end":{"line":45,"column":29}},{"start":{"line":45,"column":33},"end":{"line":45,"column":48}}]},"11":{"line":46,"type":"if","locations":[{"start":{"line":46,"column":2},"end":{"line":46,"column":2}},{"start":{"line":46,"column":2},"end":{"line":46,"column":2}}]},"12":{"line":49,"type":"if","locations":[{"start":{"line":49,"column":3},"end":{"line":49,"column":3}},{"start":{"line":49,"column":3},"end":{"line":49,"column":3}}]},"13":{"line":57,"type":"if","locations":[{"start":{"line":57,"column":3},"end":{"line":57,"column":3}},{"start":{"line":57,"column":3},"end":{"line":57,"column":3}}]},"14":{"line":76,"type":"if","locations":[{"start":{"line":76,"column":1},"end":{"line":76,"column":1}},{"start":{"line":76,"column":1},"end":{"line":76,"column":1}}]},"15":{"line":76,"type":"binary-expr","locations":[{"start":{"line":76,"column":5},"end":{"line":76,"column":24}},{"start":{"line":76,"column":28},"end":{"line":76,"column":50}}]},"16":{"line":97,"type":"if","locations":[{"start":{"line":97,"column":1},"end":{"line":97,"column":1}},{"start":{"line":97,"column":1},"end":{"line":97,"column":1}}]},"17":{"line":109,"type":"cond-expr","locations":[{"start":{"line":109,"column":36},"end":{"line":109,"column":47}},{"start":{"line":109,"column":50},"end":{"line":109,"column":73}}]},"18":{"line":112,"type":"cond-expr","locations":[{"start":{"line":112,"column":36},"end":{"line":112,"column":93}},{"start":{"line":113,"column":5},"end":{"line":113,"column":16}}]},"19":{"line":122,"type":"if","locations":[{"start":{"line":122,"column":1},"end":{"line":122,"column":1}},{"start":{"line":122,"column":1},"end":{"line":122,"column":1}}]}},"code":["'use strict';","","var _ = require('underscore');","","var dialectsHash = {","\tbase: require('./dialects/base'),","\tmssql: require('./dialects/mssql'),","\tpostgresql: require('./dialects/postgresql'),","\tsqlite: require('./dialects/sqlite'),","\tmysql: require('./dialects/mysql')","};","","var Builder = module.exports = function(options) {","\tthis.configure(options);","};","","Builder.prototype._reset = function() {","\tif (this.options.separatedValues) {","\t\tthis._placeholderId = 1;","\t\tthis._values = this.options.namedValues ? {} : [];","\t} else {","\t\tdelete this._placeholderId;","\t\tdelete this._values;","\t}","","\tthis._query = '';","};","","Builder.prototype._getPlaceholder = function () {","\tvar placeholder = '';","\tif (this.options.namedValues) placeholder += 'p';","\tif (this.options.indexedValues) placeholder += this._placeholderId++;","\treturn placeholder;","};","","Builder.prototype._wrapPlaceholder = function(name) {","\treturn this.options.valuesPrefix + name;","};","","Builder.prototype._pushValue = function(value) {","\tif (_.isUndefined(value) || _.isNull(value)) {","\t\treturn 'null';","\t} else if (_.isNumber(value) || _.isBoolean(value)) {","\t\treturn String(value);","\t} else if (_.isString(value) || _.isDate(value)) {","\t\tif (this.options.separatedValues) {","\t\t\tvar placeholder = this._getPlaceholder();","","\t\t\tif (this.options.namedValues) {","\t\t\t\tthis._values[placeholder] = value;","\t\t\t} else {","\t\t\t\tthis._values.push(value);","\t\t\t}","","\t\t\treturn this._wrapPlaceholder(placeholder);","\t\t} else {","\t\t\tif (_.isDate(value)) value = value.toISOString();","","\t\t\treturn '\\'' + value + '\\'';","\t\t}","\t} else {","\t\tthrow new Error('Wrong value type \"' + (typeof value) + '\"');","\t}","};","","Builder.prototype.configure = function(options) {","\toptions = _.defaults({}, options, {","\t\tseparatedValues: true,","\t\tnamedValues: true,","\t\tvaluesPrefix: '$',","\t\tdialect: 'base',","\t\twrappedIdentifiers: true,","\t\tindexedValues: true","\t});","","\tif (options.namedValues && !options.indexedValues) {","\t\tthrow new Error(","\t\t\t'Option `indexedValues`: false is ' +","\t\t\t'not allowed together with option `namedValues`: true'","\t\t);","\t}","","\tthis.options = options;","","\tthis.setDialect(this.options.dialect);","","\tthis._reset();","};","","Builder.prototype.build = function(params) {","\tvar builder = this;","","\tthis._reset();","","\tthis._query = this.dialect.buildTemplate('query', {queryBody: params}) + ';';","","\tif (this.options.separatedValues) {","\t\treturn {","\t\t\tquery: this._query,","\t\t\tvalues: this._values,","\t\t\tprefixValues: function() {","\t\t\t\tvar values = {};","\t\t\t\t_(this.getValuesObject()).each(function(value, name) {","\t\t\t\t\tvalues[builder._wrapPlaceholder(name)] = value;","\t\t\t\t});","\t\t\t\treturn values;","\t\t\t},","\t\t\tgetValuesArray: function() {","\t\t\t\treturn _.isArray(this.values) ? this.values : _(this.values).values();","\t\t\t},","\t\t\tgetValuesObject: function() {","\t\t\t\treturn _.isArray(this.values) ? _(_.range(1, this.values.length + 1)).object(this.values) :","\t\t\t\t\tthis.values;","\t\t\t}","\t\t};","\t} else {","\t\treturn {query: this._query};","\t}","};","","Builder.prototype.setDialect = function(name) {","\tif (!dialectsHash[name]) {","\t\tthrow new Error('Unknown dialect \"' + name + '\"');","\t}","","\tthis.dialect = new (dialectsHash[name])(this);","};",""],"l":{"3":1,"5":1,"13":1,"14":0,"17":1,"18":0,"19":0,"20":0,"22":0,"23":0,"26":0,"29":1,"30":0,"31":0,"32":0,"33":0,"36":1,"37":0,"40":1,"41":0,"42":0,"43":0,"44":0,"45":0,"46":0,"47":0,"49":0,"50":0,"52":0,"55":0,"57":0,"59":0,"62":0,"66":1,"67":0,"76":0,"77":0,"83":0,"85":0,"87":0,"90":1,"91":0,"93":0,"95":0,"97":0,"98":0,"102":0,"103":0,"104":0,"106":0,"109":0,"112":0,"117":0,"121":1,"122":0,"123":0,"126":0}},"/home/travis/build/npmtest/node-npmtest-json-sql/node_modules/json-sql/lib/dialects/base/index.js":{"path":"/home/travis/build/npmtest/node-npmtest-json-sql/node_modules/json-sql/lib/dialects/base/index.js","s":{"1":1,"2":1,"3":1,"4":1,"5":1,"6":1,"7":1,"8":1,"9":1,"10":0,"11":0,"12":0,"13":0,"14":0,"15":0,"16":0,"17":0,"18":0,"19":0,"20":0,"21":1,"22":1,"23":0,"24":0,"25":0,"26":0,"27":0,"28":0,"29":0,"30":0,"31":1,"32":0,"33":0,"34":0,"35":0,"36":0,"37":0,"38":0,"39":0,"40":0,"41":0,"42":0,"43":0,"44":0,"45":0,"46":0,"47":0,"48":0,"49":0,"50":0,"51":1,"52":0,"53":0,"54":0,"55":0,"56":0,"57":0,"58":0,"59":1,"60":0,"61":0,"62":0,"63":0,"64":0,"65":0,"66":0,"67":0,"68":1,"69":0,"70":0,"71":0,"72":0,"73":0,"74":0,"75":0,"76":0,"77":0,"78":1,"79":0,"80":1,"81":0,"82":0,"83":0,"84":0,"85":0,"86":0,"87":0,"88":0,"89":0,"90":0,"91":0,"92":0,"93":0,"94":0,"95":0,"96":1,"97":0,"98":0,"99":0,"100":0,"101":0,"102":0,"103":0,"104":0,"105":0,"106":0,"107":0,"108":0,"109":0,"110":0,"111":0,"112":0,"113":0,"114":0,"115":0,"116":0,"117":0,"118":0,"119":1,"120":0,"121":1,"122":0,"123":0,"124":0,"125":0,"126":0,"127":0,"128":0,"129":0,"130":0,"131":0,"132":0,"133":0,"134":0,"135":0,"136":1,"137":0,"138":0,"139":0,"140":0,"141":1,"142":0,"143":0,"144":0,"145":0,"146":0,"147":0,"148":0,"149":0,"150":0,"151":0,"152":0,"153":0,"154":0},"b":{"1":[0,0],"2":[0,0],"3":[0,0],"4":[0,0],"5":[0,0],"6":[0,0],"7":[0,0],"8":[0,0],"9":[0,0],"10":[0,0],"11":[0,0],"12":[0,0],"13":[0,0],"14":[0,0],"15":[0,0],"16":[0,0],"17":[0,0],"18":[0,0],"19":[0,0],"20":[0,0],"21":[0,0],"22":[0,0],"23":[0,0],"24":[0,0],"25":[0,0],"26":[0,0],"27":[0,0],"28":[0,0],"29":[0,0],"30":[0,0],"31":[0,0],"32":[0,0],"33":[0,0],"34":[0,0],"35":[0,0],"36":[0,0],"37":[0,0],"38":[0,0]},"f":{"1":0,"2":0,"3":0,"4":0,"5":0,"6":0,"7":0,"8":0,"9":0,"10":0,"11":0,"12":0,"13":0,"14":0,"15":0,"16":0,"17":0,"18":0,"19":0,"20":0,"21":0,"22":0,"23":0,"24":0},"fnMap":{"1":{"name":"(anonymous_1)","line":14,"loc":{"start":{"line":14,"column":31},"end":{"line":14,"column":49}}},"2":{"name":"(anonymous_2)","line":53,"loc":{"start":{"line":53,"column":36},"end":{"line":53,"column":51}}},"3":{"name":"(anonymous_3)","line":58,"loc":{"start":{"line":58,"column":26},"end":{"line":58,"column":45}}},"4":{"name":"(anonymous_4)","line":70,"loc":{"start":{"line":70,"column":41},"end":{"line":70,"column":58}}},"5":{"name":"(anonymous_5)","line":86,"loc":{"start":{"line":86,"column":24},"end":{"line":86,"column":39}}},"6":{"name":"(anonymous_6)","line":97,"loc":{"start":{"line":97,"column":24},"end":{"line":97,"column":46}}},"7":{"name":"(anonymous_7)","line":121,"loc":{"start":{"line":121,"column":44},"end":{"line":121,"column":61}}},"8":{"name":"(anonymous_8)","line":126,"loc":{"start":{"line":126,"column":23},"end":{"line":126,"column":39}}},"9":{"name":"(anonymous_9)","line":144,"loc":{"start":{"line":144,"column":42},"end":{"line":144,"column":59}}},"10":{"name":"(anonymous_10)","line":168,"loc":{"start":{"line":168,"column":45},"end":{"line":168,"column":62}}},"11":{"name":"(anonymous_11)","line":176,"loc":{"start":{"line":176,"column":30},"end":{"line":176,"column":55}}},"12":{"name":"(anonymous_12)","line":192,"loc":{"start":{"line":192,"column":39},"end":{"line":192,"column":56}}},"13":{"name":"(anonymous_13)","line":201,"loc":{"start":{"line":201,"column":40},"end":{"line":201,"column":57}}},"14":{"name":"(anonymous_14)","line":211,"loc":{"start":{"line":211,"column":9},"end":{"line":211,"column":34}}},"15":{"name":"(anonymous_15)","line":237,"loc":{"start":{"line":237,"column":34},"end":{"line":237,"column":51}}},"16":{"name":"(anonymous_16)","line":238,"loc":{"start":{"line":238,"column":22},"end":{"line":238,"column":58}}},"17":{"name":"(anonymous_17)","line":247,"loc":{"start":{"line":247,"column":44},"end":{"line":247,"column":69}}},"18":{"name":"(anonymous_18)","line":277,"loc":{"start":{"line":277,"column":35},"end":{"line":277,"column":52}}},"19":{"name":"(anonymous_19)","line":287,"loc":{"start":{"line":287,"column":34},"end":{"line":287,"column":51}}},"20":{"name":"(anonymous_20)","line":292,"loc":{"start":{"line":292,"column":7},"end":{"line":292,"column":31}}},"21":{"name":"(anonymous_21)","line":308,"loc":{"start":{"line":308,"column":24},"end":{"line":308,"column":47}}},"22":{"name":"(anonymous_22)","line":321,"loc":{"start":{"line":321,"column":31},"end":{"line":321,"column":55}}},"23":{"name":"(anonymous_23)","line":331,"loc":{"start":{"line":331,"column":34},"end":{"line":331,"column":57}}},"24":{"name":"(anonymous_24)","line":345,"loc":{"start":{"line":345,"column":46},"end":{"line":345,"column":80}}}},"statementMap":{"1":{"start":{"line":3,"column":0},"end":{"line":3,"column":30}},"2":{"start":{"line":4,"column":0},"end":{"line":4,"column":53}},"3":{"start":{"line":5,"column":0},"end":{"line":5,"column":48}},"4":{"start":{"line":7,"column":0},"end":{"line":7,"column":43}},"5":{"start":{"line":8,"column":0},"end":{"line":8,"column":37}},"6":{"start":{"line":9,"column":0},"end":{"line":9,"column":43}},"7":{"start":{"line":10,"column":0},"end":{"line":10,"column":43}},"8":{"start":{"line":12,"column":0},"end":{"line":12,"column":43}},"9":{"start":{"line":14,"column":0},"end":{"line":46,"column":2}},"10":{"start":{"line":15,"column":1},"end":{"line":15,"column":24}},"11":{"start":{"line":17,"column":1},"end":{"line":17,"column":36}},"12":{"start":{"line":18,"column":1},"end":{"line":18,"column":33}},"13":{"start":{"line":19,"column":1},"end":{"line":24,"column":3}},"14":{"start":{"line":25,"column":1},"end":{"line":25,"column":36}},"15":{"start":{"line":28,"column":1},"end":{"line":28,"column":21}},"16":{"start":{"line":31,"column":1},"end":{"line":31,"column":18}},"17":{"start":{"line":34,"column":1},"end":{"line":34,"column":21}},"18":{"start":{"line":37,"column":1},"end":{"line":37,"column":21}},"19":{"start":{"line":39,"column":1},"end":{"line":42,"column":3}},"20":{"start":{"line":43,"column":1},"end":{"line":45,"column":3}},"21":{"start":{"line":48,"column":0},"end":{"line":51,"column":2}},"22":{"start":{"line":53,"column":0},"end":{"line":68,"column":2}},"23":{"start":{"line":54,"column":1},"end":{"line":65,"column":2}},"24":{"start":{"line":55,"column":2},"end":{"line":55,"column":18}},"25":{"start":{"line":56,"column":2},"end":{"line":56,"column":57}},"26":{"start":{"line":58,"column":2},"end":{"line":64,"column":15}},"27":{"start":{"line":59,"column":3},"end":{"line":61,"column":4}},"28":{"start":{"line":60,"column":4},"end":{"line":60,"column":86}},"29":{"start":{"line":63,"column":3},"end":{"line":63,"column":19}},"30":{"start":{"line":67,"column":1},"end":{"line":67,"column":13}},"31":{"start":{"line":70,"column":0},"end":{"line":119,"column":2}},"32":{"start":{"line":71,"column":1},"end":{"line":71,"column":17}},"33":{"start":{"line":73,"column":1},"end":{"line":73,"column":32}},"34":{"start":{"line":74,"column":1},"end":{"line":74,"column":26}},"35":{"start":{"line":76,"column":1},"end":{"line":78,"column":2}},"36":{"start":{"line":77,"column":2},"end":{"line":77,"column":62}},"37":{"start":{"line":80,"column":1},"end":{"line":80,"column":33}},"38":{"start":{"line":80,"column":23},"end":{"line":80,"column":33}},"39":{"start":{"line":82,"column":1},"end":{"line":82,"column":12}},"40":{"start":{"line":84,"column":1},"end":{"line":116,"column":2}},"41":{"start":{"line":86,"column":2},"end":{"line":95,"column":5}},"42":{"start":{"line":87,"column":3},"end":{"line":94,"column":6}},"43":{"start":{"line":97,"column":2},"end":{"line":115,"column":5}},"44":{"start":{"line":99,"column":3},"end":{"line":105,"column":4}},"45":{"start":{"line":100,"column":4},"end":{"line":102,"column":5}},"46":{"start":{"line":101,"column":5},"end":{"line":101,"column":24}},"47":{"start":{"line":103,"column":4},"end":{"line":103,"column":43}},"48":{"start":{"line":104,"column":4},"end":{"line":104,"column":21}},"49":{"start":{"line":107,"column":3},"end":{"line":114,"column":6}},"50":{"start":{"line":118,"column":1},"end":{"line":118,"column":67}},"51":{"start":{"line":121,"column":0},"end":{"line":142,"column":2}},"52":{"start":{"line":122,"column":1},"end":{"line":122,"column":17}},"53":{"start":{"line":124,"column":1},"end":{"line":124,"column":32}},"54":{"start":{"line":126,"column":1},"end":{"line":128,"column":4}},"55":{"start":{"line":127,"column":2},"end":{"line":127,"column":67}},"56":{"start":{"line":130,"column":1},"end":{"line":130,"column":62}},"57":{"start":{"line":132,"column":1},"end":{"line":139,"column":4}},"58":{"start":{"line":141,"column":1},"end":{"line":141,"column":47}},"59":{"start":{"line":144,"column":0},"end":{"line":166,"column":2}},"60":{"start":{"line":145,"column":1},"end":{"line":145,"column":32}},"61":{"start":{"line":146,"column":1},"end":{"line":146,"column":26}},"62":{"start":{"line":148,"column":1},"end":{"line":148,"column":73}},"63":{"start":{"line":150,"column":1},"end":{"line":150,"column":12}},"64":{"start":{"line":151,"column":1},"end":{"line":163,"column":2}},"65":{"start":{"line":152,"column":2},"end":{"line":152,"column":17}},"66":{"start":{"line":154,"column":2},"end":{"line":162,"column":5}},"67":{"start":{"line":165,"column":1},"end":{"line":165,"column":15}},"68":{"start":{"line":168,"column":0},"end":{"line":190,"column":2}},"69":{"start":{"line":169,"column":1},"end":{"line":169,"column":17}},"70":{"start":{"line":171,"column":1},"end":{"line":171,"column":26}},"71":{"start":{"line":172,"column":1},"end":{"line":172,"column":14}},"72":{"start":{"line":174,"column":1},"end":{"line":183,"column":2}},"73":{"start":{"line":176,"column":2},"end":{"line":178,"column":5}},"74":{"start":{"line":177,"column":3},"end":{"line":177,"column":71}},"75":{"start":{"line":180,"column":2},"end":{"line":182,"column":3}},"76":{"start":{"line":181,"column":3},"end":{"line":181,"column":27}},"77":{"start":{"line":185,"column":1},"end":{"line":189,"column":5}},"78":{"start":{"line":192,"column":0},"end":{"line":199,"column":2}},"79":{"start":{"line":193,"column":1},"end":{"line":198,"column":5}},"80":{"start":{"line":201,"column":0},"end":{"line":235,"column":2}},"81":{"start":{"line":202,"column":1},"end":{"line":202,"column":17}},"82":{"start":{"line":204,"column":1},"end":{"line":204,"column":26}},"83":{"start":{"line":206,"column":1},"end":{"line":206,"column":12}},"84":{"start":{"line":207,"column":1},"end":{"line":232,"column":2}},"85":{"start":{"line":208,"column":2},"end":{"line":227,"column":4}},"86":{"start":{"line":212,"column":5},"end":{"line":212,"column":40}},"87":{"start":{"line":212,"column":30},"end":{"line":212,"column":40}},"88":{"start":{"line":214,"column":5},"end":{"line":218,"column":6}},"89":{"start":{"line":216,"column":6},"end":{"line":216,"column":42}},"90":{"start":{"line":217,"column":6},"end":{"line":217,"column":23}},"91":{"start":{"line":220,"column":5},"end":{"line":223,"column":9}},"92":{"start":{"line":229,"column":2},"end":{"line":229,"column":37}},"93":{"start":{"line":229,"column":15},"end":{"line":229,"column":37}},"94":{"start":{"line":231,"column":2},"end":{"line":231,"column":49}},"95":{"start":{"line":234,"column":1},"end":{"line":234,"column":15}},"96":{"start":{"line":237,"column":0},"end":{"line":275,"column":2}},"97":{"start":{"line":238,"column":1},"end":{"line":240,"column":3}},"98":{"start":{"line":239,"column":2},"end":{"line":239,"column":47}},"99":{"start":{"line":242,"column":1},"end":{"line":242,"column":30}},"100":{"start":{"line":243,"column":1},"end":{"line":243,"column":32}},"101":{"start":{"line":245,"column":1},"end":{"line":245,"column":12}},"102":{"start":{"line":247,"column":1},"end":{"line":249,"column":4}},"103":{"start":{"line":248,"column":2},"end":{"line":248,"column":38}},"104":{"start":{"line":251,"column":1},"end":{"line":253,"column":2}},"105":{"start":{"line":252,"column":2},"end":{"line":252,"column":57}},"106":{"start":{"line":255,"column":1},"end":{"line":272,"column":2}},"107":{"start":{"line":256,"column":2},"end":{"line":256,"column":45}},"108":{"start":{"line":257,"column":8},"end":{"line":272,"column":2}},"109":{"start":{"line":258,"column":2},"end":{"line":258,"column":46}},"110":{"start":{"line":259,"column":8},"end":{"line":272,"column":2}},"111":{"start":{"line":260,"column":2},"end":{"line":260,"column":48}},"112":{"start":{"line":261,"column":8},"end":{"line":272,"column":2}},"113":{"start":{"line":262,"column":2},"end":{"line":262,"column":43}},"114":{"start":{"line":264,"column":2},"end":{"line":265,"column":51}},"115":{"start":{"line":267,"column":2},"end":{"line":269,"column":3}},"116":{"start":{"line":268,"column":3},"end":{"line":268,"column":65}},"117":{"start":{"line":271,"column":2},"end":{"line":271,"column":30}},"118":{"start":{"line":274,"column":1},"end":{"line":274,"column":15}},"119":{"start":{"line":277,"column":0},"end":{"line":285,"column":2}},"120":{"start":{"line":278,"column":1},"end":{"line":284,"column":4}},"121":{"start":{"line":287,"column":0},"end":{"line":319,"column":2}},"122":{"start":{"line":288,"column":1},"end":{"line":288,"column":17}},"123":{"start":{"line":290,"column":1},"end":{"line":318,"column":14}},"124":{"start":{"line":293,"column":3},"end":{"line":293,"column":16}},"125":{"start":{"line":295,"column":3},"end":{"line":300,"column":4}},"126":{"start":{"line":296,"column":4},"end":{"line":296,"column":21}},"127":{"start":{"line":298,"column":4},"end":{"line":298,"column":22}},"128":{"start":{"line":299,"column":4},"end":{"line":299,"column":41}},"129":{"start":{"line":302,"column":3},"end":{"line":302,"column":49}},"130":{"start":{"line":304,"column":3},"end":{"line":306,"column":4}},"131":{"start":{"line":305,"column":4},"end":{"line":305,"column":59}},"132":{"start":{"line":308,"column":3},"end":{"line":313,"column":6}},"133":{"start":{"line":309,"column":4},"end":{"line":309,"column":40}},"134":{"start":{"line":310,"column":4},"end":{"line":310,"column":66}},"135":{"start":{"line":312,"column":4},"end":{"line":312,"column":36}},"136":{"start":{"line":321,"column":0},"end":{"line":329,"column":2}},"137":{"start":{"line":322,"column":1},"end":{"line":322,"column":38}},"138":{"start":{"line":324,"column":1},"end":{"line":326,"column":2}},"139":{"start":{"line":325,"column":2},"end":{"line":325,"column":51}},"140":{"start":{"line":328,"column":1},"end":{"line":328,"column":24}},"141":{"start":{"line":331,"column":0},"end":{"line":353,"column":2}},"142":{"start":{"line":332,"column":1},"end":{"line":332,"column":17}},"143":{"start":{"line":334,"column":1},"end":{"line":334,"column":41}},"144":{"start":{"line":335,"column":1},"end":{"line":337,"column":2}},"145":{"start":{"line":336,"column":2},"end":{"line":336,"column":58}},"146":{"start":{"line":339,"column":1},"end":{"line":339,"column":52}},"147":{"start":{"line":341,"column":1},"end":{"line":343,"column":2}},"148":{"start":{"line":342,"column":2},"end":{"line":342,"column":34}},"149":{"start":{"line":345,"column":1},"end":{"line":352,"column":11}},"150":{"start":{"line":346,"column":2},"end":{"line":351,"column":3}},"151":{"start":{"line":347,"column":3},"end":{"line":347,"column":13}},"152":{"start":{"line":349,"column":3},"end":{"line":349,"column":71}},"153":{"start":{"line":349,"column":44},"end":{"line":349,"column":71}},"154":{"start":{"line":350,"column":3},"end":{"line":350,"column":49}}},"branchMap":{"1":{"line":54,"type":"if","locations":[{"start":{"line":54,"column":1},"end":{"line":54,"column":1}},{"start":{"line":54,"column":1},"end":{"line":54,"column":1}}]},"2":{"line":59,"type":"if","locations":[{"start":{"line":59,"column":3},"end":{"line":59,"column":3}},{"start":{"line":59,"column":3},"end":{"line":59,"column":3}}]},"3":{"line":59,"type":"bi
[...]
;","","module.exports = function(dialect) {","\tvar explainFormatRegExp = /^(text|xml|json|yaml)$/i;","","\tdialect.templates.add('explain', {","\t\tpattern: 'explain {options} {analyze} {verbose} {query} {select} {expression}',","\t\tvalidate: function(type, params) {","\t\t\ttemplateChecks.atLeastOneOfProps(type, params, ['query', 'select', 'expression']);","\t\t\ttemplateChecks.onlyOneOfProps(type, params, ['query', 'select', 'expression']);","","\t\t\ttemplateChecks.propType(type, params, 'options', 'object');","","\t\t\tif (!_.isUndefined(params.options)) {","\t\t\t\ttemplateChecks.atLeastOneOfProps(","\t\t\t\t\t'explain:options',","\t\t\t\t\tparams.options,","\t\t\t\t\t['analyze', 'verbose', 'costs', 'buffers', 'timing', 'format']","\t\t\t\t);","\t\t\t\ttemplateChecks.propType('explain:options', params.options, 'analyze', 'boolean');","\t\t\t\ttemplateChecks.propType('explain:options', params.options, 'verbose', 'boolean');","\t\t\t\ttemplateChecks.propType('explain:options', params.options, 'costs', 'boolean');","\t\t\t\ttemplateChecks.propType('explain:options', params.options, 'buffers', 'boolean');","\t\t\t\ttemplateChecks.propType('explain:options', params.options, 'timing', 'boolean');","\t\t\t\ttemplateChecks.propType('explain:options', params.options, 'format', 'string');","\t\t\t\ttemplateChecks.propMatch('explain:options', params.options, 'format', explainFormatRegExp);","\t\t\t}","","\t\t\ttemplateChecks.propType(type, params, 'analyze', 'boolean');","\t\t\ttemplateChecks.propType(type, params, 'verbose', 'boolean');","\t\t}","\t});","","\t// patch parent select template to add some blocks","\tvar selectTemplate = dialect.templates.get('select');","\tselectTemplate.pattern = selectTemplate.pattern.replace('{distinct}', '{distinct} {distinctOn}');","","\tvar parentSelectValidate = selectTemplate.validate;","\tselectTemplate.validate = function(type, params) {","\t\tparentSelectValidate(type, params);","","\t\ttemplateChecks.propType(type, params, 'distinctOn', ['string', 'array']);","\t};","","\tdialect.templates.set('select', selectTemplate);","};",""],"l":{"3":1,"4":1,"6":1,"7":0,"9":0,"12":0,"13":0,"15":0,"17":0,"18":0,"23":0,"24":0,"25":0,"26":0,"27":0,"28":0,"29":0,"32":0,"33":0,"38":0,"39":0,"41":0,"42":0,"43":0,"45":0,"48":0}},"/home/travis/build/npmtest/node-npmtest-json-sql/node_modules/json-sql/lib/dialects/postgresql/blocks.js":{"path":"/home/travis/build/npmtest/node-npmtest-json-sql/node_modules/json-sql/lib/dialects/postgresql/blocks.js","s":{"1":1,"2":1,"3":0,"4":0,"5":0,"6":0,"7":0,"8":0,"9":0,"10":0,"11":0,"12":0,"13":0,"14":0,"15":0,"16":0,"17":0,"18":0,"19":0,"20":0,"21":0,"22":0,"23":0,"24":0,"25":0,"26":0,"27":0,"28":0,"29":0,"30":0,"31":0},"b":{"1":[0,0],"2":[0,0],"3":[0,0],"4":[0,0],"5":[0,0]},"f":{"1":0,"2":0,"3":0,"4":0,"5":0,"6":0,"7":0,"8":0,"9":0},"fnMap":{"1":{"name":"(anonymous_1)","line":5,"loc":{"start":{"line":5,"column":17},"end":{"line":5,"column":35}}},"2":{"name":"(anonymous_2)","line":7,"loc":{"start":{"line":7,"column":29},"end":{"line":7,"column":46}}},"3":{"name":"(anonymous_3)","line":12,"loc":{"start":{"line":12,"column":36},"end":{"line":12,"column":51}}},"4":{"name":"(anonymous_4)","line":24,"loc":{"start":{"line":24,"column":39},"end":{"line":24,"column":56}}},"5":{"name":"(anonymous_5)","line":29,"loc":{"start":{"line":29,"column":9},"end":{"line":29,"column":30}}},"6":{"name":"(anonymous_6)","line":37,"loc":{"start":{"line":37,"column":39},"end":{"line":37,"column":50}}},"7":{"name":"(anonymous_7)","line":41,"loc":{"start":{"line":41,"column":39},"end":{"line":41,"column":50}}},"8":{"name":"(anonymous_8)","line":45,"loc":{"start":{"line":45,"column":34},"end":{"line":45,"column":51}}},"9":{"name":"(anonymous_9)","line":52,"loc":{"start":{"line":52,"column":30},"end":{"line":52,"column":56}}}},"statementMap":{"1":{"start":{"line":3,"column":0},"end":{"line":3,"column":30}},"2":{"start":{"line":5,"column":0},"end":{"line":63,"column":2}},"3":{"start":{"line":6,"column":1},"end":{"line":6,"column":52}},"4":{"start":{"line":7,"column":1},"end":{"line":22,"column":4}},"5":{"start":{"line":8,"column":2},"end":{"line":8,"column":27}},"6":{"start":{"line":10,"column":2},"end":{"line":10,"column":13}},"7":{"start":{"line":11,"column":2},"end":{"line":19,"column":3}},"8":{"start":{"line":12,"column":3},"end":{"line":14,"column":23}},"9":{"start":{"line":13,"column":4},"end":{"line":13,"column":44}},"10":{"start":{"line":15,"column":9},"end":{"line":19,"column":3}},"11":{"start":{"line":16,"column":3},"end":{"line":16,"column":62}},"12":{"start":{"line":18,"column":3},"end":{"line":18,"column":37}},"13":{"start":{"line":21,"column":2},"end":{"line":21,"column":16}},"14":{"start":{"line":24,"column":1},"end":{"line":35,"column":4}},"15":{"start":{"line":25,"column":2},"end":{"line":34,"column":7}},"16":{"start":{"line":30,"column":5},"end":{"line":30,"column":30}},"17":{"start":{"line":37,"column":1},"end":{"line":39,"column":4}},"18":{"start":{"line":38,"column":2},"end":{"line":38,"column":19}},"19":{"start":{"line":41,"column":1},"end":{"line":43,"column":4}},"20":{"start":{"line":42,"column":2},"end":{"line":42,"column":19}},"21":{"start":{"line":45,"column":1},"end":{"line":62,"column":4}},"22":{"start":{"line":46,"column":2},"end":{"line":46,"column":37}},"23":{"start":{"line":47,"column":2},"end":{"line":47,"column":18}},"24":{"start":{"line":49,"column":2},"end":{"line":49,"column":56}},"25":{"start":{"line":49,"column":30},"end":{"line":49,"column":56}},"26":{"start":{"line":51,"column":2},"end":{"line":55,"column":3}},"27":{"start":{"line":52,"column":3},"end":{"line":54,"column":17}},"28":{"start":{"line":53,"column":4},"end":{"line":53,"column":52}},"29":{"start":{"line":57,"column":2},"end":{"line":59,"column":3}},"30":{"start":{"line":58,"column":3},"end":{"line":58,"column":43}},"31":{"start":{"line":61,"column":2},"end":{"line":61,"column":16}}},"branchMap":{"1":{"line":11,"type":"if","locations":[{"start":{"line":11,"column":2},"end":{"line":11,"column":2}},{"start":{"line":11,"column":2},"end":{"line":11,"column":2}}]},"2":{"line":15,"type":"if","locations":[{"start":{"line":15,"column":9},"end":{"line":15,"column":9}},{"start":{"line":15,"column":9},"end":{"line":15,"column":9}}]},"3":{"line":49,"type":"if","locations":[{"start":{"line":49,"column":2},"end":{"line":49,"column":2}},{"start":{"line":49,"column":2},"end":{"line":49,"column":2}}]},"4":{"line":51,"type":"if","locations":[{"start":{"line":51,"column":2},"end":{"line":51,"column":2}},{"start":{"line":51,"column":2},"end":{"line":51,"column":2}}]},"5":{"line":57,"type":"if","locations":[{"start":{"line":57,"column":2},"end":{"line":57,"column":2}},{"start":{"line":57,"column":2},"end":{"line":57,"column":2}}]}},"code":["'use strict';","","var _ = require('underscore');","","module.exports = function(dialect) {","\tvar parentValueBlock = dialect.blocks.get('value');","\tdialect.blocks.set('value', function(params) {","\t\tvar value = params.value;","","\t\tvar result;","\t\tif (_.isArray(value)) {","\t\t\tresult = 'array[' + _(value).map(function(item) {","\t\t\t\treturn dialect.builder._pushValue(item);","\t\t\t}).join(', ') + ']';","\t\t} else if (_.isObject(value)) {","\t\t\tresult = dialect.builder._pushValue(JSON.stringify(value));","\t\t} else {","\t\t\tresult = parentValueBlock(params);","\t\t}","","\t\treturn result;","\t});","","\tdialect.blocks.add('explain:options', function(params) {","\t\treturn '(' +","\t\t\t_(params.options)","\t\t\t\t.chain()","\t\t\t\t.pick(['analyze', 'verbose', 'costs', 'buffers', 'timing', 'format'])","\t\t\t\t.map(function(value, key) {","\t\t\t\t\treturn key + ' ' + value;","\t\t\t\t})","\t\t\t\t.value()","\t\t\t\t.join(', ') +","\t\t\t')';","\t});","","\tdialect.blocks.add('explain:analyze', function() {","\t\treturn 'analyze';","\t});","","\tdialect.blocks.add('explain:verbose', function() {","\t\treturn 'verbose';","\t});","","\tdialect.blocks.add('distinctOn', function(params) {","\t\tvar distinctOn = params.distinctOn;","\t\tvar result = '';","","\t\tif (_.isString(distinctOn)) distinctOn = [distinctOn];","","\t\tif (_.isArray(distinctOn)) {","\t\t\tresult = _(distinctOn).map(function(distinctOnField) {","\t\t\t\treturn dialect._wrapIdentifier(distinctOnField);","\t\t\t}).join(', ');","\t\t}","","\t\tif (result) {","\t\t\tresult = 'distinct on (' + result + ')';","\t\t}","","\t\treturn result;","\t});","};",""],"l":{"3":1,"5":1,"6":0,"7":0,"8":0,"10":0,"11":0,"12":0,"13":0,"15":0,"16":0,"18":0,"21":0,"24":0,"25":0,"30":0,"37":0,"38":0,"41":0,"42":0,"45":0,"46":0,"47":0,"49":0,"51":0,"52":0,"53":0,"57":0,"58":0,"61":0}},"/home/travis/build/npmtest/node-npmtest-json-sql/node_modules/json-sql/lib/dialects/postgresql/operators/index.js":{"path":"/home/travis/build/npmtest/node-npmtest-json-sql/node_modules/json-sql/lib/dialects/postgresql/operators/index.js","s":{"1":1,"2":1,"3":1,"4":0,"5":0},"b":{},"f":{"1":0},"fnMap":{"1":{"name":"(anonymous_1)","line":6,"loc":{"start":{"line":6,"column":17},"end":{"line":6,"column":35}}}},"statementMap":{"1":{"start":{"line":3,"column":0},"end":{"line":3,"column":54}},"2":{"start":{"line":4,"column":0},"end":{"line":4,"column":50}},"3":{"start":{"line":6,"column":0},"end":{"line":9,"column":2}},"4":{"start":{"line":7,"column":1},"end":{"line":7,"column":34}},"5":{"start":{"line":8,"column":1},"end":{"line":8,"column":32}}},"branchMap":{},"code":["'use strict';","","var comparisonOperatorsInit = require('./comparison');","var fetchingOperatorsInit = require('./fetching');","","module.exports = function(dialect) {","\tcomparisonOperatorsInit(dialect);","\tfetchingOperatorsInit(dialect);","};",""],"l":{"3":1,"4":1,"6":1,"7":0,"8":0}},"/home/travis/build/npmtest/node-npmtest-json-sql/node_modules/json-sql/lib/dialects/postgresql/operators/comparison.js":{"path":"/home/travis/build/npmtest/node-npmtest-json-sql/node_modules/json-sql/lib/dialects/postgresql/operators/comparison.js","s":{"1":1,"2":0,"3":0,"4":0,"5":0,"6":0,"7":0,"8":0,"9":0,"10":0,"11":0,"12":0,"13":0,"14":0,"15":0,"16":0,"17":0},"b":{},"f":{"1":0,"2":0,"3":0,"4":0,"5":0,"6":0,"7":0,"8":0,"9":0},"fnMap":{"1":{"name":"(anonymous_1)","line":3,"loc":{"start":{"line":3,"column":17},"end":{"line":3,"column":35}}},"2":{"name":"(anonymous_2)","line":4,"loc":{"start":{"line":4,"column":32},"end":{"line":4,"column":65}}},"3":{"name":"(anonymous_3)","line":10,"loc":{"start":{"line":10,"column":6},"end":{"line":10,"column":29}}},"4":{"name":"(anonymous_4)","line":17,"loc":{"start":{"line":17,"column":6},"end":{"line":17,"column":29}}},"5":{"name":"(anonymous_5)","line":24,"loc":{"start":{"line":24,"column":6},"end":{"line":24,"column":29}}},"6":{"name":"(anonymous_6)","line":31,"loc":{"start":{"line":31,"column":6},"end":{"line":31,"column":29}}},"7":{"name":"(anonymous_7)","line":38,"loc":{"start":{"line":38,"column":6},"end":{"line":38,"column":29}}},"8":{"name":"(anonymous_8)","line":46,"loc":{"start":{"line":46,"column":6},"end":{"line":46,"column":29}}},"9":{"name":"(anonymous_9)","line":54,"loc":{"start":{"line":54,"column":6},"end":{"line":54,"column":29}}}},"statementMap":{"1":{"start":{"line":3,"column":0},"end":{"line":58,"column":2}},"2":{"start":{"line":4,"column":1},"end":{"line":6,"column":3}},"3":{"start":{"line":5,"column":2},"end":{"line":5,"column":44}},"4":{"start":{"line":8,"column":1},"end":{"line":13,"column":4}},"5":{"start":{"line":11,"column":3},"end":{"line":11,"column":55}},"6":{"start":{"line":15,"column":1},"end":{"line":20,"column":4}},"7":{"start":{"line":18,"column":3},"end":{"line":18,"column":55}},"8":{"start":{"line":22,"column":1},"end":{"line":27,"column":4}},"9":{"start":{"line":25,"column":3},"end":{"line":25,"column":54}},"10":{"start":{"line":29,"column":1},"end":{"line":34,"column":4}},"11":{"start":{"line":32,"column":3},"end":{"line":32,"column":55}},"12":{"start":{"line":36,"column":1},"end":{"line":41,"column":4}},"13":{"start":{"line":39,"column":3},"end":{"line":39,"column":55}},"14":{"start":{"line":43,"column":1},"end":{"line":49,"column":4}},"15":{"start":{"line":47,"column":3},"end":{"line":47,"column":58}},"16":{"start":{"line":51,"column":1},"end":{"line":57,"column":4}},"17":{"start":{"line":55,"column":3},"end":{"line":55,"column":62}}},"branchMap":{},"code":["'use strict';","","module.exports = function(dialect) {","\tvar buildComparisonCondition = function(field, operator, value) {","\t\treturn [field, operator, value].join(' ');","\t};","","\tdialect.operators.comparison.add('$jsonContains', {","\t\tdefaultFetchingOperator: '$json',","\t\tfn: function(field, value) {","\t\t\treturn buildComparisonCondition(field, '@>', value);","\t\t}","\t});","","\tdialect.operators.comparison.add('$jsonIn', {","\t\tdefaultFetchingOperator: '$json',","\t\tfn: function(field, value) {","\t\t\treturn buildComparisonCondition(field, '<@', value);","\t\t}","\t});","","\tdialect.operators.comparison.add('$jsonHas', {","\t\tdefaultFetchingOperator: '$value',","\t\tfn: function(field, value) {","\t\t\treturn buildComparisonCondition(field, '?', value);","\t\t}","\t});","","\tdialect.operators.comparison.add('$jsonHasAny', {","\t\tdefaultFetchingOperator: '$value',","\t\tfn: function(field, value) {","\t\t\treturn buildComparisonCondition(field, '?|', value);","\t\t}","\t});","","\tdialect.operators.comparison.add('$jsonHasAll', {","\t\tdefaultFetchingOperator: '$value',","\t\tfn: function(field, value) {","\t\t\treturn buildComparisonCondition(field, '?&', value);","\t\t}","\t});","","\tdialect.operators.comparison.add('$ilike', {","\t\tinversedOperator: '$nilike',","\t\tdefaultFetchingOperator: '$value',","\t\tfn: function(field, value) {","\t\t\treturn buildComparisonCondition(field, 'ilike', value);","\t\t}","\t});","","\tdialect.operators.comparison.add('$nilike', {","\t\tinversedOperator: '$ilike',","\t\tdefaultFetchingOperator: '$value',","\t\tfn: function(field, value) {","\t\t\treturn buildComparisonCondition(field, 'not ilike', value);","\t\t}","\t});","};",""],"l":{"3":1,"4":0,"5":0,"8":0,"11":0,"15":0,"18":0,"22":0,"25":0,"29":0,"32":0,"36":0,"39":0,"43":0,"47":0,"51":0,"55":0}},"/home/travis/build/npmtest/node-npmtest-json-sql/node_modules/json-sql/lib/dialects/postgresql/operators/fetching.js":{"path":"/home/travis/build/npmtest/node-npmtest-json-sql/node_modules/json-sql/lib/dialects/postgresql/operators/fetching.js","s":{"1":1,"2":0,"3":0,"4":0,"5":0},"b":{"1":[0,0]},"f":{"1":0,"2":0},"fnMap":{"1":{"name":"(anonymous_1)","line":3,"loc":{"start":{"line":3,"column":17},"end":{"line":3,"column":35}}},"2":{"name":"(anonymous_2)","line":5,"loc":{"start":{"line":5,"column":6},"end":{"line":5,"column":27}}}},"statementMap":{"1":{"start":{"line":3,"column":0},"end":{"line":10,"column":2}},"2":{"start":{"line":4,"column":1},"end":{"line":9,"column":4}},"3":{"start":{"line":6,"column":3},"end":{"line":6,"column":35}},"4":{"start":{"line":6,"column":12},"end":{"line":6,"column":35}},"5":{"start":{"line":7,"column":3},"end":{"line":7,"column":67}}},"branchMap":{"1":{"line":6,"type":"if","locations":[{"start":{"line":6,"column":3},"end":{"line":6,"column":3}},{"start":{"line":6,"column":3},"end":{"line":6,"column":3}}]}},"code":["'use strict';","","module.exports = function(dialect) {","\tdialect.operators.fetching.add('$json', {","\t\tfn: function(value, end) {","\t\t\tif (end) value = {value: value};","\t\t\treturn dialect.buildBlock('term', {term: value, type: 'value'});","\t\t}","\t});","};",""],"l":{"3":1,"4":0,"6":0,"7":0}},"/home/travis/build/npmtest/node-npmtest-json-sql/node_modules/json-sql/lib/dialects/sqlite/index.js":{"path":"/home/travis/build/npmtest/node-npmtest-json-sql/node_modules/json-sql/lib/dialects/sqlite/index.js","s":{"1":1,"2":1,"3":1,"4":1,"5":1,"6":0,"7":0,"8":1,"9":1},"b":{},"f":{"1":0},"fnMap":{"1":{"name":"(anonymous_1)","line":8,"loc":{"start":{"line":8,"column":31},"end":{"line":8,"column":49}}}},"statementMap":{"1":{"start":{"line":3,"column":0},"end":{"line":3,"column":37}},"2":{"start":{"line":4,"column":0},"end":{"line":4,"column":30}},"3":{"start":{"line":5,"column":0},"end":{"line":5,"column":27}},"4":{"start":{"line":6,"column":0},"end":{"line":6,"column":37}},"5":{"start":{"line":8,"column":0},"end":{"line":13,"column":2}},"6":{"start":{"line":9,"column":1},"end":{"line":9,"column":33}},"7":{"start":{"line":12,"column":1},"end":{"line":12,"column":18}},"8":{"start":{"line":15,"column":0},"end":{"line":15,"column":36}},"9":{"start":{"line":17,"column":0},"end":{"line":17,"column":70}}},"branchMap":{},"code":["'use strict';","","var BaseDialect = require('../base');","var _ = require('underscore');","var util = require('util');","var blocksInit = require('./blocks');","","var Dialect = module.exports = function(builder) {","\tBaseDialect.call(this, builder);","","\t// init blocks","\tblocksInit(this);","};","","util.inherits(Dialect, BaseDialect);","","Dialect.prototype.config = _({}).extend(BaseDialect.prototype.config);",""],"l":{"3":1,"4":1,"5":1,"6":1,"8":1,"9":0,"12":0,"15":1,"17":1}},"/home/travis/build/npmtest/node-npmtest-json-sql/node_modules/json-sql/lib/dialects/sqlite/blocks.js":{"path":"/home/travis/build/npmtest/node-npmtest-json-sql/node_modules/json-sql/lib/dialects/sqlite/blocks.js","s":{"1":1,"2":1,"3":0,"4":0,"5":0,"6":0,"7":0},"b":{"1":[0,0]},"f":{"1":0,"2":0},"fnMap":{"1":{"name":"(anonymous_1)","line":5,"loc":{"start":{"line":5,"column":17},"end":{"line":5,"column":35}}},"2":{"name":"(anonymous_2)","line":6,"loc":{"start":{"line":6,"column":30},"end":{"line":6,"column":47}}}},"statementMap":{"1":{"start":{"line":3,"column":0},"end":{"line":3,"column":30}},"2":{"start":{"line":5,"column":0},"end":{"line":15,"column":2}},"3":{"start":{"line":6,"column":1},"end":{"line":14,"column":4}},"4":{"start":{"line":7,"column":2},"end":{"line":7,"column":17}},"5":{"start":{"line":9,"column":2},"end":{"line":11,"column":3}},"6":{"start":{"line":10,"column":3},"end":{"line":10,"column":58}},"7":{"start":{"line":13,"column":2},"end":{"line":13,"column":71}}},"branchMap":{"1":{"line":9,"type":"if","locations":[{"start":{"line":9,"column":2},"end":{"line":9,"column":2}},{"start":{"line":9,"column":2},"end":{"line":9,"column":2}}]}},"code":["'use strict';","","var\t_ = require('underscore');","","module.exports = function(dialect) {","\tdialect.blocks.add('offset', function(params) {","\t\tvar limit = '';","","\t\tif (_.isUndefined(params.limit)) {","\t\t\tlimit = dialect.buildBlock('limit', {limit: -1}) + ' ';","\t\t}","","\t\treturn limit + 'offset ' + dialect.builder._pushValue(params.offset);","\t});","};",""],"l":{"3":1,"5":1,"6":0,"7":0,"9":0,"10":0,"13":0}},"/home/travis/build/npmtest/node-npmtest-json-sql/node_modules/json-sql/lib/dialects/mysql/index.js":{"path":"/home/travis/build/npmtest/node-npmtest-json-sql/node_modules/json-sql/lib/dialects/mysql/index.js","s":{"1":1,"2":1,"3":1,"4":1,"5":0,"6":1,"7":1},"b":{},"f":{"1":0},"fnMap":{"1":{"name":"(anonymous_1)","line":7,"loc":{"start":{"line":7,"column":31},"end":{"line":7,"column":49}}}},"statementMap":{"1":{"start":{"line":3,"column":0},"end":{"line":3,"column":37}},"2":{"start":{"line":4,"column":0},"end":{"line":4,"column":30}},"3":{"start":{"line":5,"column":0},"end":{"line":5,"column":27}},"4":{"start":{"line":7,"column":0},"end":{"line":9,"column":2}},"5":{"start":{"line":8,"column":1},"end":{"line":8,"column":33}},"6":{"start":{"line":11,"column":0},"end":{"line":11,"column":36}},"7":{"start":{"line":13,"column":0},"end":{"line":16,"column":3}}},"branchMap":{},"code":["'use strict';","","var BaseDialect = require('../base');","var _ = require('underscore');","var util = require('util');","","var Dialect = module.exports = function(builder) {","\tBaseDialect.call(this, builder);","};","","util.inherits(Dialect, BaseDialect);","","Dialect.prototype.config = _({}).extend(BaseDialect.prototype.config, {","\tidentifierPrefix: '`',","\tidentifierSuffix: '`'","});",""],"l":{"3":1,"4":1,"5":1,"7":1,"8":0,"11":1,"13":1}}}